{"timestamp":"2026-05-20T07:00:49.659997Z","level":"info","event":"Filling up the DagBag from /opt/airflow/dags/weather_alert_stream.py","logger":"airflow.dag_processing.dagbag.BundleDagBag","filename":"dagbag.py","lineno":469}
{"timestamp":"2026-05-20T07:00:50.008813Z","level":"warning","event":"The `airflow.operators.python.PythonOperator` attribute is deprecated. Please use `'airflow.providers.standard.operators.python.PythonOperator'`.","category":"UserWarning","filename":"/opt/airflow/dags/weather_alert_stream.py","lineno":7,"logger":"py.warnings"}
{"timestamp":"2026-05-20T07:01:20.277832Z","level":"info","event":"Filling up the DagBag from /opt/airflow/dags/weather_alert_stream.py","logger":"airflow.dag_processing.dagbag.BundleDagBag","filename":"dagbag.py","lineno":469}
{"timestamp":"2026-05-20T07:01:20.349914Z","level":"warning","event":"The `airflow.operators.python.PythonOperator` attribute is deprecated. Please use `'airflow.providers.standard.operators.python.PythonOperator'`.","category":"UserWarning","filename":"/opt/airflow/dags/weather_alert_stream.py","lineno":7,"logger":"py.warnings"}
{"timestamp":"2026-05-20T07:01:50.679548Z","level":"info","event":"Filling up the DagBag from /opt/airflow/dags/weather_alert_stream.py","logger":"airflow.dag_processing.dagbag.BundleDagBag","filename":"dagbag.py","lineno":469}
{"timestamp":"2026-05-20T07:01:50.910470Z","level":"warning","event":"The `airflow.operators.python.PythonOperator` attribute is deprecated. Please use `'airflow.providers.standard.operators.python.PythonOperator'`.","category":"UserWarning","filename":"/opt/airflow/dags/weather_alert_stream.py","lineno":7,"logger":"py.warnings"}
{"timestamp":"2026-05-20T07:02:21.466593Z","level":"info","event":"Filling up the DagBag from /opt/airflow/dags/weather_alert_stream.py","logger":"airflow.dag_processing.dagbag.BundleDagBag","filename":"dagbag.py","lineno":469}
{"timestamp":"2026-05-20T07:02:21.688631Z","level":"warning","event":"The `airflow.operators.python.PythonOperator` attribute is deprecated. Please use `'airflow.providers.standard.operators.python.PythonOperator'`.","category":"UserWarning","filename":"/opt/airflow/dags/weather_alert_stream.py","lineno":7,"logger":"py.warnings"}
{"timestamp":"2026-05-20T07:02:51.943742Z","level":"info","event":"Filling up the DagBag from /opt/airflow/dags/weather_alert_stream.py","logger":"airflow.dag_processing.dagbag.BundleDagBag","filename":"dagbag.py","lineno":469}
{"timestamp":"2026-05-20T07:02:52.100500Z","level":"warning","event":"The `airflow.operators.python.PythonOperator` attribute is deprecated. Please use `'airflow.providers.standard.operators.python.PythonOperator'`.","category":"UserWarning","filename":"/opt/airflow/dags/weather_alert_stream.py","lineno":7,"logger":"py.warnings"}
{"timestamp":"2026-05-20T07:03:22.475641Z","level":"info","event":"Filling up the DagBag from /opt/airflow/dags/weather_alert_stream.py","logger":"airflow.dag_processing.dagbag.BundleDagBag","filename":"dagbag.py","lineno":469}
{"timestamp":"2026-05-20T07:03:22.582468Z","level":"warning","event":"The `airflow.operators.python.PythonOperator` attribute is deprecated. Please use `'airflow.providers.standard.operators.python.PythonOperator'`.","category":"UserWarning","filename":"/opt/airflow/dags/weather_alert_stream.py","lineno":7,"logger":"py.warnings"}
{"timestamp":"2026-05-20T07:03:53.099858Z","level":"info","event":"Filling up the DagBag from /opt/airflow/dags/weather_alert_stream.py","logger":"airflow.dag_processing.dagbag.BundleDagBag","filename":"dagbag.py","lineno":469}
{"timestamp":"2026-05-20T07:03:53.221569Z","level":"warning","event":"The `airflow.operators.python.PythonOperator` attribute is deprecated. Please use `'airflow.providers.standard.operators.python.PythonOperator'`.","category":"UserWarning","filename":"/opt/airflow/dags/weather_alert_stream.py","lineno":7,"logger":"py.warnings"}
{"timestamp":"2026-05-20T07:04:23.729874Z","level":"info","event":"Filling up the DagBag from /opt/airflow/dags/weather_alert_stream.py","logger":"airflow.dag_processing.dagbag.BundleDagBag","filename":"dagbag.py","lineno":469}
{"timestamp":"2026-05-20T07:04:23.838629Z","level":"warning","event":"The `airflow.operators.python.PythonOperator` attribute is deprecated. Please use `'airflow.providers.standard.operators.python.PythonOperator'`.","category":"UserWarning","filename":"/opt/airflow/dags/weather_alert_stream.py","lineno":7,"logger":"py.warnings"}
{"timestamp":"2026-05-20T07:04:54.552236Z","level":"info","event":"Filling up the DagBag from /opt/airflow/dags/weather_alert_stream.py","logger":"airflow.dag_processing.dagbag.BundleDagBag","filename":"dagbag.py","lineno":469}
{"timestamp":"2026-05-20T07:04:54.665223Z","level":"warning","event":"The `airflow.operators.python.PythonOperator` attribute is deprecated. Please use `'airflow.providers.standard.operators.python.PythonOperator'`.","category":"UserWarning","filename":"/opt/airflow/dags/weather_alert_stream.py","lineno":7,"logger":"py.warnings"}
{"timestamp":"2026-05-20T07:05:25.038651Z","level":"info","event":"Filling up the DagBag from /opt/airflow/dags/weather_alert_stream.py","logger":"airflow.dag_processing.dagbag.BundleDagBag","filename":"dagbag.py","lineno":469}
{"timestamp":"2026-05-20T07:05:25.125003Z","level":"warning","event":"The `airflow.operators.python.PythonOperator` attribute is deprecated. Please use `'airflow.providers.standard.operators.python.PythonOperator'`.","category":"UserWarning","filename":"/opt/airflow/dags/weather_alert_stream.py","lineno":7,"logger":"py.warnings"}
{"timestamp":"2026-05-20T07:05:55.403632Z","level":"info","event":"Filling up the DagBag from /opt/airflow/dags/weather_alert_stream.py","logger":"airflow.dag_processing.dagbag.BundleDagBag","filename":"dagbag.py","lineno":469}
{"timestamp":"2026-05-20T07:05:55.470711Z","level":"warning","event":"The `airflow.operators.python.PythonOperator` attribute is deprecated. Please use `'airflow.providers.standard.operators.python.PythonOperator'`.","category":"UserWarning","filename":"/opt/airflow/dags/weather_alert_stream.py","lineno":7,"logger":"py.warnings"}
{"timestamp":"2026-05-20T07:06:25.540034Z","level":"info","event":"Filling up the DagBag from /opt/airflow/dags/weather_alert_stream.py","logger":"airflow.dag_processing.dagbag.BundleDagBag","filename":"dagbag.py","lineno":469}
{"timestamp":"2026-05-20T07:06:25.601359Z","level":"warning","event":"The `airflow.operators.python.PythonOperator` attribute is deprecated. Please use `'airflow.providers.standard.operators.python.PythonOperator'`.","category":"UserWarning","filename":"/opt/airflow/dags/weather_alert_stream.py","lineno":7,"logger":"py.warnings"}
{"timestamp":"2026-05-20T07:06:55.847778Z","level":"info","event":"Filling up the DagBag from /opt/airflow/dags/weather_alert_stream.py","logger":"airflow.dag_processing.dagbag.BundleDagBag","filename":"dagbag.py","lineno":469}
{"timestamp":"2026-05-20T07:06:55.916529Z","level":"warning","event":"The `airflow.operators.python.PythonOperator` attribute is deprecated. Please use `'airflow.providers.standard.operators.python.PythonOperator'`.","category":"UserWarning","filename":"/opt/airflow/dags/weather_alert_stream.py","lineno":7,"logger":"py.warnings"}
{"timestamp":"2026-05-20T07:07:26.636283Z","level":"info","event":"Filling up the DagBag from /opt/airflow/dags/weather_alert_stream.py","logger":"airflow.dag_processing.dagbag.BundleDagBag","filename":"dagbag.py","lineno":469}
{"timestamp":"2026-05-20T07:07:26.703042Z","level":"warning","event":"The `airflow.operators.python.PythonOperator` attribute is deprecated. Please use `'airflow.providers.standard.operators.python.PythonOperator'`.","category":"UserWarning","filename":"/opt/airflow/dags/weather_alert_stream.py","lineno":7,"logger":"py.warnings"}
{"timestamp":"2026-05-20T07:07:56.849168Z","level":"info","event":"Filling up the DagBag from /opt/airflow/dags/weather_alert_stream.py","logger":"airflow.dag_processing.dagbag.BundleDagBag","filename":"dagbag.py","lineno":469}
{"timestamp":"2026-05-20T07:07:56.936765Z","level":"warning","event":"The `airflow.operators.python.PythonOperator` attribute is deprecated. Please use `'airflow.providers.standard.operators.python.PythonOperator'`.","category":"UserWarning","filename":"/opt/airflow/dags/weather_alert_stream.py","lineno":7,"logger":"py.warnings"}
{"timestamp":"2026-05-20T07:08:27.068917Z","level":"info","event":"Filling up the DagBag from /opt/airflow/dags/weather_alert_stream.py","logger":"airflow.dag_processing.dagbag.BundleDagBag","filename":"dagbag.py","lineno":469}
{"timestamp":"2026-05-20T07:08:27.131433Z","level":"warning","event":"The `airflow.operators.python.PythonOperator` attribute is deprecated. Please use `'airflow.providers.standard.operators.python.PythonOperator'`.","category":"UserWarning","filename":"/opt/airflow/dags/weather_alert_stream.py","lineno":7,"logger":"py.warnings"}
{"timestamp":"2026-05-20T07:08:57.199008Z","level":"info","event":"Filling up the DagBag from /opt/airflow/dags/weather_alert_stream.py","logger":"airflow.dag_processing.dagbag.BundleDagBag","filename":"dagbag.py","lineno":469}
{"timestamp":"2026-05-20T07:08:57.331253Z","level":"warning","event":"The `airflow.operators.python.PythonOperator` attribute is deprecated. Please use `'airflow.providers.standard.operators.python.PythonOperator'`.","category":"UserWarning","filename":"/opt/airflow/dags/weather_alert_stream.py","lineno":7,"logger":"py.warnings"}
{"timestamp":"2026-05-20T07:09:27.426796Z","level":"info","event":"Filling up the DagBag from /opt/airflow/dags/weather_alert_stream.py","logger":"airflow.dag_processing.dagbag.BundleDagBag","filename":"dagbag.py","lineno":469}
{"timestamp":"2026-05-20T07:09:27.576185Z","level":"warning","event":"The `airflow.operators.python.PythonOperator` attribute is deprecated. Please use `'airflow.providers.standard.operators.python.PythonOperator'`.","category":"UserWarning","filename":"/opt/airflow/dags/weather_alert_stream.py","lineno":7,"logger":"py.warnings"}
{"timestamp":"2026-05-20T07:09:57.921123Z","level":"info","event":"Filling up the DagBag from /opt/airflow/dags/weather_alert_stream.py","logger":"airflow.dag_processing.dagbag.BundleDagBag","filename":"dagbag.py","lineno":469}
{"timestamp":"2026-05-20T07:09:57.993920Z","level":"warning","event":"The `airflow.operators.python.PythonOperator` attribute is deprecated. Please use `'airflow.providers.standard.operators.python.PythonOperator'`.","category":"UserWarning","filename":"/opt/airflow/dags/weather_alert_stream.py","lineno":7,"logger":"py.warnings"}
{"timestamp":"2026-05-20T07:10:28.691274Z","level":"info","event":"Filling up the DagBag from /opt/airflow/dags/weather_alert_stream.py","logger":"airflow.dag_processing.dagbag.BundleDagBag","filename":"dagbag.py","lineno":469}
{"timestamp":"2026-05-20T07:10:28.760006Z","level":"warning","event":"The `airflow.operators.python.PythonOperator` attribute is deprecated. Please use `'airflow.providers.standard.operators.python.PythonOperator'`.","category":"UserWarning","filename":"/opt/airflow/dags/weather_alert_stream.py","lineno":7,"logger":"py.warnings"}
{"timestamp":"2026-05-20T07:10:59.656894Z","level":"info","event":"Filling up the DagBag from /opt/airflow/dags/weather_alert_stream.py","logger":"airflow.dag_processing.dagbag.BundleDagBag","filename":"dagbag.py","lineno":469}
{"timestamp":"2026-05-20T07:10:59.730346Z","level":"warning","event":"The `airflow.operators.python.PythonOperator` attribute is deprecated. Please use `'airflow.providers.standard.operators.python.PythonOperator'`.","category":"UserWarning","filename":"/opt/airflow/dags/weather_alert_stream.py","lineno":7,"logger":"py.warnings"}
{"timestamp":"2026-05-20T07:11:29.807288Z","level":"info","event":"Filling up the DagBag from /opt/airflow/dags/weather_alert_stream.py","logger":"airflow.dag_processing.dagbag.BundleDagBag","filename":"dagbag.py","lineno":469}
{"timestamp":"2026-05-20T07:11:29.887026Z","level":"warning","event":"The `airflow.operators.python.PythonOperator` attribute is deprecated. Please use `'airflow.providers.standard.operators.python.PythonOperator'`.","category":"UserWarning","filename":"/opt/airflow/dags/weather_alert_stream.py","lineno":7,"logger":"py.warnings"}
{"timestamp":"2026-05-20T07:12:00.157641Z","level":"info","event":"Filling up the DagBag from /opt/airflow/dags/weather_alert_stream.py","logger":"airflow.dag_processing.dagbag.BundleDagBag","filename":"dagbag.py","lineno":469}
{"timestamp":"2026-05-20T07:12:00.234308Z","level":"warning","event":"The `airflow.operators.python.PythonOperator` attribute is deprecated. Please use `'airflow.providers.standard.operators.python.PythonOperator'`.","category":"UserWarning","filename":"/opt/airflow/dags/weather_alert_stream.py","lineno":7,"logger":"py.warnings"}
{"timestamp":"2026-05-20T07:12:31.304164Z","level":"info","event":"Filling up the DagBag from /opt/airflow/dags/weather_alert_stream.py","logger":"airflow.dag_processing.dagbag.BundleDagBag","filename":"dagbag.py","lineno":469}
{"timestamp":"2026-05-20T07:12:31.370968Z","level":"warning","event":"The `airflow.operators.python.PythonOperator` attribute is deprecated. Please use `'airflow.providers.standard.operators.python.PythonOperator'`.","category":"UserWarning","filename":"/opt/airflow/dags/weather_alert_stream.py","lineno":7,"logger":"py.warnings"}
{"timestamp":"2026-05-20T07:13:01.694905Z","level":"info","event":"Filling up the DagBag from /opt/airflow/dags/weather_alert_stream.py","logger":"airflow.dag_processing.dagbag.BundleDagBag","filename":"dagbag.py","lineno":469}
{"timestamp":"2026-05-20T07:13:01.773811Z","level":"warning","event":"The `airflow.operators.python.PythonOperator` attribute is deprecated. Please use `'airflow.providers.standard.operators.python.PythonOperator'`.","category":"UserWarning","filename":"/opt/airflow/dags/weather_alert_stream.py","lineno":7,"logger":"py.warnings"}
{"timestamp":"2026-05-20T07:13:31.812914Z","level":"info","event":"Filling up the DagBag from /opt/airflow/dags/weather_alert_stream.py","logger":"airflow.dag_processing.dagbag.BundleDagBag","filename":"dagbag.py","lineno":469}
{"timestamp":"2026-05-20T07:13:31.924738Z","level":"warning","event":"The `airflow.operators.python.PythonOperator` attribute is deprecated. Please use `'airflow.providers.standard.operators.python.PythonOperator'`.","category":"UserWarning","filename":"/opt/airflow/dags/weather_alert_stream.py","lineno":7,"logger":"py.warnings"}
{"timestamp":"2026-05-20T07:14:02.017940Z","level":"info","event":"Filling up the DagBag from /opt/airflow/dags/weather_alert_stream.py","logger":"airflow.dag_processing.dagbag.BundleDagBag","filename":"dagbag.py","lineno":469}
{"timestamp":"2026-05-20T07:14:02.128027Z","level":"warning","event":"The `airflow.operators.python.PythonOperator` attribute is deprecated. Please use `'airflow.providers.standard.operators.python.PythonOperator'`.","category":"UserWarning","filename":"/opt/airflow/dags/weather_alert_stream.py","lineno":7,"logger":"py.warnings"}
{"timestamp":"2026-05-20T07:14:32.211593Z","level":"info","event":"Filling up the DagBag from /opt/airflow/dags/weather_alert_stream.py","logger":"airflow.dag_processing.dagbag.BundleDagBag","filename":"dagbag.py","lineno":469}
{"timestamp":"2026-05-20T07:14:32.277430Z","level":"warning","event":"The `airflow.operators.python.PythonOperator` attribute is deprecated. Please use `'airflow.providers.standard.operators.python.PythonOperator'`.","category":"UserWarning","filename":"/opt/airflow/dags/weather_alert_stream.py","lineno":7,"logger":"py.warnings"}
{"timestamp":"2026-05-20T07:15:02.365045Z","level":"info","event":"Filling up the DagBag from /opt/airflow/dags/weather_alert_stream.py","logger":"airflow.dag_processing.dagbag.BundleDagBag","filename":"dagbag.py","lineno":469}
{"timestamp":"2026-05-20T07:15:02.439794Z","level":"warning","event":"The `airflow.operators.python.PythonOperator` attribute is deprecated. Please use `'airflow.providers.standard.operators.python.PythonOperator'`.","category":"UserWarning","filename":"/opt/airflow/dags/weather_alert_stream.py","lineno":7,"logger":"py.warnings"}
{"timestamp":"2026-05-20T07:15:32.536109Z","level":"info","event":"Filling up the DagBag from /opt/airflow/dags/weather_alert_stream.py","logger":"airflow.dag_processing.dagbag.BundleDagBag","filename":"dagbag.py","lineno":469}
{"timestamp":"2026-05-20T07:15:32.601987Z","level":"warning","event":"The `airflow.operators.python.PythonOperator` attribute is deprecated. Please use `'airflow.providers.standard.operators.python.PythonOperator'`.","category":"UserWarning","filename":"/opt/airflow/dags/weather_alert_stream.py","lineno":7,"logger":"py.warnings"}
{"timestamp":"2026-05-20T07:16:02.661857Z","level":"info","event":"Filling up the DagBag from /opt/airflow/dags/weather_alert_stream.py","logger":"airflow.dag_processing.dagbag.BundleDagBag","filename":"dagbag.py","lineno":469}
{"timestamp":"2026-05-20T07:16:02.730461Z","level":"warning","event":"The `airflow.operators.python.PythonOperator` attribute is deprecated. Please use `'airflow.providers.standard.operators.python.PythonOperator'`.","category":"UserWarning","filename":"/opt/airflow/dags/weather_alert_stream.py","lineno":7,"logger":"py.warnings"}
{"timestamp":"2026-05-20T07:16:32.795840Z","level":"info","event":"Filling up the DagBag from /opt/airflow/dags/weather_alert_stream.py","logger":"airflow.dag_processing.dagbag.BundleDagBag","filename":"dagbag.py","lineno":469}
{"timestamp":"2026-05-20T07:16:32.860534Z","level":"warning","event":"The `airflow.operators.python.PythonOperator` attribute is deprecated. Please use `'airflow.providers.standard.operators.python.PythonOperator'`.","category":"UserWarning","filename":"/opt/airflow/dags/weather_alert_stream.py","lineno":7,"logger":"py.warnings"}
{"timestamp":"2026-05-20T07:17:02.983959Z","level":"info","event":"Filling up the DagBag from /opt/airflow/dags/weather_alert_stream.py","logger":"airflow.dag_processing.dagbag.BundleDagBag","filename":"dagbag.py","lineno":469}
{"timestamp":"2026-05-20T07:17:03.126706Z","level":"warning","event":"The `airflow.operators.python.PythonOperator` attribute is deprecated. Please use `'airflow.providers.standard.operators.python.PythonOperator'`.","category":"UserWarning","filename":"/opt/airflow/dags/weather_alert_stream.py","lineno":7,"logger":"py.warnings"}
{"timestamp":"2026-05-20T07:17:33.224436Z","level":"info","event":"Filling up the DagBag from /opt/airflow/dags/weather_alert_stream.py","logger":"airflow.dag_processing.dagbag.BundleDagBag","filename":"dagbag.py","lineno":469}
{"timestamp":"2026-05-20T07:17:33.361352Z","level":"warning","event":"The `airflow.operators.python.PythonOperator` attribute is deprecated. Please use `'airflow.providers.standard.operators.python.PythonOperator'`.","category":"UserWarning","filename":"/opt/airflow/dags/weather_alert_stream.py","lineno":7,"logger":"py.warnings"}
{"timestamp":"2026-05-20T07:18:03.534557Z","level":"info","event":"Filling up the DagBag from /opt/airflow/dags/weather_alert_stream.py","logger":"airflow.dag_processing.dagbag.BundleDagBag","filename":"dagbag.py","lineno":469}
{"timestamp":"2026-05-20T07:18:03.614655Z","level":"warning","event":"The `airflow.operators.python.PythonOperator` attribute is deprecated. Please use `'airflow.providers.standard.operators.python.PythonOperator'`.","category":"UserWarning","filename":"/opt/airflow/dags/weather_alert_stream.py","lineno":7,"logger":"py.warnings"}
{"timestamp":"2026-05-20T07:18:34.456262Z","level":"info","event":"Filling up the DagBag from /opt/airflow/dags/weather_alert_stream.py","logger":"airflow.dag_processing.dagbag.BundleDagBag","filename":"dagbag.py","lineno":469}
{"timestamp":"2026-05-20T07:18:34.526269Z","level":"warning","event":"The `airflow.operators.python.PythonOperator` attribute is deprecated. Please use `'airflow.providers.standard.operators.python.PythonOperator'`.","category":"UserWarning","filename":"/opt/airflow/dags/weather_alert_stream.py","lineno":7,"logger":"py.warnings"}
{"timestamp":"2026-05-20T07:19:05.217030Z","level":"info","event":"Filling up the DagBag from /opt/airflow/dags/weather_alert_stream.py","logger":"airflow.dag_processing.dagbag.BundleDagBag","filename":"dagbag.py","lineno":469}
{"timestamp":"2026-05-20T07:19:05.312628Z","level":"warning","event":"The `airflow.operators.python.PythonOperator` attribute is deprecated. Please use `'airflow.providers.standard.operators.python.PythonOperator'`.","category":"UserWarning","filename":"/opt/airflow/dags/weather_alert_stream.py","lineno":7,"logger":"py.warnings"}
{"timestamp":"2026-05-20T07:19:36.163595Z","level":"info","event":"Filling up the DagBag from /opt/airflow/dags/weather_alert_stream.py","logger":"airflow.dag_processing.dagbag.BundleDagBag","filename":"dagbag.py","lineno":469}
{"timestamp":"2026-05-20T07:19:36.233005Z","level":"warning","event":"The `airflow.operators.python.PythonOperator` attribute is deprecated. Please use `'airflow.providers.standard.operators.python.PythonOperator'`.","category":"UserWarning","filename":"/opt/airflow/dags/weather_alert_stream.py","lineno":7,"logger":"py.warnings"}
{"timestamp":"2026-05-20T07:20:06.276664Z","level":"info","event":"Filling up the DagBag from /opt/airflow/dags/weather_alert_stream.py","logger":"airflow.dag_processing.dagbag.BundleDagBag","filename":"dagbag.py","lineno":469}
{"timestamp":"2026-05-20T07:20:06.343488Z","level":"warning","event":"The `airflow.operators.python.PythonOperator` attribute is deprecated. Please use `'airflow.providers.standard.operators.python.PythonOperator'`.","category":"UserWarning","filename":"/opt/airflow/dags/weather_alert_stream.py","lineno":7,"logger":"py.warnings"}
{"timestamp":"2026-05-20T07:20:36.428720Z","level":"info","event":"Filling up the DagBag from /opt/airflow/dags/weather_alert_stream.py","logger":"airflow.dag_processing.dagbag.BundleDagBag","filename":"dagbag.py","lineno":469}
{"timestamp":"2026-05-20T07:20:36.498747Z","level":"warning","event":"The `airflow.operators.python.PythonOperator` attribute is deprecated. Please use `'airflow.providers.standard.operators.python.PythonOperator'`.","category":"UserWarning","filename":"/opt/airflow/dags/weather_alert_stream.py","lineno":7,"logger":"py.warnings"}
{"timestamp":"2026-05-20T07:21:07.140078Z","level":"info","event":"Filling up the DagBag from /opt/airflow/dags/weather_alert_stream.py","logger":"airflow.dag_processing.dagbag.BundleDagBag","filename":"dagbag.py","lineno":469}
{"timestamp":"2026-05-20T07:21:07.211552Z","level":"warning","event":"The `airflow.operators.python.PythonOperator` attribute is deprecated. Please use `'airflow.providers.standard.operators.python.PythonOperator'`.","category":"UserWarning","filename":"/opt/airflow/dags/weather_alert_stream.py","lineno":7,"logger":"py.warnings"}
{"timestamp":"2026-05-20T07:21:37.564881Z","level":"info","event":"Filling up the DagBag from /opt/airflow/dags/weather_alert_stream.py","logger":"airflow.dag_processing.dagbag.BundleDagBag","filename":"dagbag.py","lineno":469}
{"timestamp":"2026-05-20T07:21:37.634941Z","level":"warning","event":"The `airflow.operators.python.PythonOperator` attribute is deprecated. Please use `'airflow.providers.standard.operators.python.PythonOperator'`.","category":"UserWarning","filename":"/opt/airflow/dags/weather_alert_stream.py","lineno":7,"logger":"py.warnings"}
{"timestamp":"2026-05-20T07:22:07.822882Z","level":"info","event":"Filling up the DagBag from /opt/airflow/dags/weather_alert_stream.py","logger":"airflow.dag_processing.dagbag.BundleDagBag","filename":"dagbag.py","lineno":469}
{"timestamp":"2026-05-20T07:22:07.895738Z","level":"warning","event":"The `airflow.operators.python.PythonOperator` attribute is deprecated. Please use `'airflow.providers.standard.operators.python.PythonOperator'`.","category":"UserWarning","filename":"/opt/airflow/dags/weather_alert_stream.py","lineno":7,"logger":"py.warnings"}
{"timestamp":"2026-05-20T07:22:38.394423Z","level":"info","event":"Filling up the DagBag from /opt/airflow/dags/weather_alert_stream.py","logger":"airflow.dag_processing.dagbag.BundleDagBag","filename":"dagbag.py","lineno":469}
{"timestamp":"2026-05-20T07:22:38.466562Z","level":"warning","event":"The `airflow.operators.python.PythonOperator` attribute is deprecated. Please use `'airflow.providers.standard.operators.python.PythonOperator'`.","category":"UserWarning","filename":"/opt/airflow/dags/weather_alert_stream.py","lineno":7,"logger":"py.warnings"}
{"timestamp":"2026-05-20T07:23:08.807331Z","level":"info","event":"Filling up the DagBag from /opt/airflow/dags/weather_alert_stream.py","logger":"airflow.dag_processing.dagbag.BundleDagBag","filename":"dagbag.py","lineno":469}
{"timestamp":"2026-05-20T07:23:08.889184Z","level":"warning","event":"The `airflow.operators.python.PythonOperator` attribute is deprecated. Please use `'airflow.providers.standard.operators.python.PythonOperator'`.","category":"UserWarning","filename":"/opt/airflow/dags/weather_alert_stream.py","lineno":7,"logger":"py.warnings"}
{"timestamp":"2026-05-20T07:23:39.159295Z","level":"info","event":"Filling up the DagBag from /opt/airflow/dags/weather_alert_stream.py","logger":"airflow.dag_processing.dagbag.BundleDagBag","filename":"dagbag.py","lineno":469}
{"timestamp":"2026-05-20T07:23:39.229042Z","level":"warning","event":"The `airflow.operators.python.PythonOperator` attribute is deprecated. Please use `'airflow.providers.standard.operators.python.PythonOperator'`.","category":"UserWarning","filename":"/opt/airflow/dags/weather_alert_stream.py","lineno":7,"logger":"py.warnings"}
{"timestamp":"2026-05-20T07:24:09.348777Z","level":"info","event":"Filling up the DagBag from /opt/airflow/dags/weather_alert_stream.py","logger":"airflow.dag_processing.dagbag.BundleDagBag","filename":"dagbag.py","lineno":469}
{"timestamp":"2026-05-20T07:24:09.415880Z","level":"warning","event":"The `airflow.operators.python.PythonOperator` attribute is deprecated. Please use `'airflow.providers.standard.operators.python.PythonOperator'`.","category":"UserWarning","filename":"/opt/airflow/dags/weather_alert_stream.py","lineno":7,"logger":"py.warnings"}
{"timestamp":"2026-05-20T07:24:39.623735Z","level":"info","event":"Filling up the DagBag from /opt/airflow/dags/weather_alert_stream.py","logger":"airflow.dag_processing.dagbag.BundleDagBag","filename":"dagbag.py","lineno":469}
{"timestamp":"2026-05-20T07:24:39.816822Z","level":"warning","event":"The `airflow.operators.python.PythonOperator` attribute is deprecated. Please use `'airflow.providers.standard.operators.python.PythonOperator'`.","category":"UserWarning","filename":"/opt/airflow/dags/weather_alert_stream.py","lineno":7,"logger":"py.warnings"}
{"timestamp":"2026-05-20T07:25:10.738665Z","level":"info","event":"Filling up the DagBag from /opt/airflow/dags/weather_alert_stream.py","logger":"airflow.dag_processing.dagbag.BundleDagBag","filename":"dagbag.py","lineno":469}
{"timestamp":"2026-05-20T07:25:10.844371Z","level":"warning","event":"The `airflow.operators.python.PythonOperator` attribute is deprecated. Please use `'airflow.providers.standard.operators.python.PythonOperator'`.","category":"UserWarning","filename":"/opt/airflow/dags/weather_alert_stream.py","lineno":7,"logger":"py.warnings"}
{"timestamp":"2026-05-20T07:25:40.896945Z","level":"info","event":"Filling up the DagBag from /opt/airflow/dags/weather_alert_stream.py","logger":"airflow.dag_processing.dagbag.BundleDagBag","filename":"dagbag.py","lineno":469}
{"timestamp":"2026-05-20T07:25:41.042341Z","level":"warning","event":"The `airflow.operators.python.PythonOperator` attribute is deprecated. Please use `'airflow.providers.standard.operators.python.PythonOperator'`.","category":"UserWarning","filename":"/opt/airflow/dags/weather_alert_stream.py","lineno":7,"logger":"py.warnings"}
{"timestamp":"2026-05-20T07:26:11.140105Z","level":"info","event":"Filling up the DagBag from /opt/airflow/dags/weather_alert_stream.py","logger":"airflow.dag_processing.dagbag.BundleDagBag","filename":"dagbag.py","lineno":469}
{"timestamp":"2026-05-20T07:26:11.292572Z","level":"warning","event":"The `airflow.operators.python.PythonOperator` attribute is deprecated. Please use `'airflow.providers.standard.operators.python.PythonOperator'`.","category":"UserWarning","filename":"/opt/airflow/dags/weather_alert_stream.py","lineno":7,"logger":"py.warnings"}
{"timestamp":"2026-05-20T07:26:42.295830Z","level":"info","event":"Filling up the DagBag from /opt/airflow/dags/weather_alert_stream.py","logger":"airflow.dag_processing.dagbag.BundleDagBag","filename":"dagbag.py","lineno":469}
{"timestamp":"2026-05-20T07:26:42.406801Z","level":"warning","event":"The `airflow.operators.python.PythonOperator` attribute is deprecated. Please use `'airflow.providers.standard.operators.python.PythonOperator'`.","category":"UserWarning","filename":"/opt/airflow/dags/weather_alert_stream.py","lineno":7,"logger":"py.warnings"}
{"timestamp":"2026-05-20T07:27:13.007507Z","level":"info","event":"Filling up the DagBag from /opt/airflow/dags/weather_alert_stream.py","logger":"airflow.dag_processing.dagbag.BundleDagBag","filename":"dagbag.py","lineno":469}
{"timestamp":"2026-05-20T07:27:13.075866Z","level":"warning","event":"The `airflow.operators.python.PythonOperator` attribute is deprecated. Please use `'airflow.providers.standard.operators.python.PythonOperator'`.","category":"UserWarning","filename":"/opt/airflow/dags/weather_alert_stream.py","lineno":7,"logger":"py.warnings"}
{"timestamp":"2026-05-20T07:27:43.128936Z","level":"info","event":"Filling up the DagBag from /opt/airflow/dags/weather_alert_stream.py","logger":"airflow.dag_processing.dagbag.BundleDagBag","filename":"dagbag.py","lineno":469}
{"timestamp":"2026-05-20T07:27:43.204099Z","level":"warning","event":"The `airflow.operators.python.PythonOperator` attribute is deprecated. Please use `'airflow.providers.standard.operators.python.PythonOperator'`.","category":"UserWarning","filename":"/opt/airflow/dags/weather_alert_stream.py","lineno":7,"logger":"py.warnings"}
{"timestamp":"2026-05-20T07:28:13.367914Z","level":"info","event":"Filling up the DagBag from /opt/airflow/dags/weather_alert_stream.py","logger":"airflow.dag_processing.dagbag.BundleDagBag","filename":"dagbag.py","lineno":469}
{"timestamp":"2026-05-20T07:28:13.436844Z","level":"warning","event":"The `airflow.operators.python.PythonOperator` attribute is deprecated. Please use `'airflow.providers.standard.operators.python.PythonOperator'`.","category":"UserWarning","filename":"/opt/airflow/dags/weather_alert_stream.py","lineno":7,"logger":"py.warnings"}
{"timestamp":"2026-05-20T07:28:43.943135Z","level":"info","event":"Filling up the DagBag from /opt/airflow/dags/weather_alert_stream.py","logger":"airflow.dag_processing.dagbag.BundleDagBag","filename":"dagbag.py","lineno":469}
{"timestamp":"2026-05-20T07:28:44.026618Z","level":"warning","event":"The `airflow.operators.python.PythonOperator` attribute is deprecated. Please use `'airflow.providers.standard.operators.python.PythonOperator'`.","category":"UserWarning","filename":"/opt/airflow/dags/weather_alert_stream.py","lineno":7,"logger":"py.warnings"}
{"timestamp":"2026-05-20T07:29:14.421530Z","level":"info","event":"Filling up the DagBag from /opt/airflow/dags/weather_alert_stream.py","logger":"airflow.dag_processing.dagbag.BundleDagBag","filename":"dagbag.py","lineno":469}
{"timestamp":"2026-05-20T07:29:14.526377Z","level":"warning","event":"The `airflow.operators.python.PythonOperator` attribute is deprecated. Please use `'airflow.providers.standard.operators.python.PythonOperator'`.","category":"UserWarning","filename":"/opt/airflow/dags/weather_alert_stream.py","lineno":7,"logger":"py.warnings"}
{"timestamp":"2026-05-20T07:29:44.924859Z","level":"info","event":"Filling up the DagBag from /opt/airflow/dags/weather_alert_stream.py","logger":"airflow.dag_processing.dagbag.BundleDagBag","filename":"dagbag.py","lineno":469}
{"timestamp":"2026-05-20T07:29:44.997023Z","level":"warning","event":"The `airflow.operators.python.PythonOperator` attribute is deprecated. Please use `'airflow.providers.standard.operators.python.PythonOperator'`.","category":"UserWarning","filename":"/opt/airflow/dags/weather_alert_stream.py","lineno":7,"logger":"py.warnings"}
{"timestamp":"2026-05-20T07:30:15.282533Z","level":"info","event":"Filling up the DagBag from /opt/airflow/dags/weather_alert_stream.py","logger":"airflow.dag_processing.dagbag.BundleDagBag","filename":"dagbag.py","lineno":469}
{"timestamp":"2026-05-20T07:30:15.352265Z","level":"warning","event":"The `airflow.operators.python.PythonOperator` attribute is deprecated. Please use `'airflow.providers.standard.operators.python.PythonOperator'`.","category":"UserWarning","filename":"/opt/airflow/dags/weather_alert_stream.py","lineno":7,"logger":"py.warnings"}
{"timestamp":"2026-05-20T07:30:45.453393Z","level":"info","event":"Filling up the DagBag from /opt/airflow/dags/weather_alert_stream.py","logger":"airflow.dag_processing.dagbag.BundleDagBag","filename":"dagbag.py","lineno":469}
{"timestamp":"2026-05-20T07:30:45.573433Z","level":"warning","event":"The `airflow.operators.python.PythonOperator` attribute is deprecated. Please use `'airflow.providers.standard.operators.python.PythonOperator'`.","category":"UserWarning","filename":"/opt/airflow/dags/weather_alert_stream.py","lineno":7,"logger":"py.warnings"}
{"timestamp":"2026-05-20T07:31:16.227112Z","level":"info","event":"Filling up the DagBag from /opt/airflow/dags/weather_alert_stream.py","logger":"airflow.dag_processing.dagbag.BundleDagBag","filename":"dagbag.py","lineno":469}
{"timestamp":"2026-05-20T07:31:16.304702Z","level":"warning","event":"The `airflow.operators.python.PythonOperator` attribute is deprecated. Please use `'airflow.providers.standard.operators.python.PythonOperator'`.","category":"UserWarning","filename":"/opt/airflow/dags/weather_alert_stream.py","lineno":7,"logger":"py.warnings"}
{"timestamp":"2026-05-20T07:31:46.592434Z","level":"info","event":"Filling up the DagBag from /opt/airflow/dags/weather_alert_stream.py","logger":"airflow.dag_processing.dagbag.BundleDagBag","filename":"dagbag.py","lineno":469}
{"timestamp":"2026-05-20T07:31:46.674019Z","level":"warning","event":"The `airflow.operators.python.PythonOperator` attribute is deprecated. Please use `'airflow.providers.standard.operators.python.PythonOperator'`.","category":"UserWarning","filename":"/opt/airflow/dags/weather_alert_stream.py","lineno":7,"logger":"py.warnings"}
{"timestamp":"2026-05-20T07:32:17.192968Z","level":"info","event":"Filling up the DagBag from /opt/airflow/dags/weather_alert_stream.py","logger":"airflow.dag_processing.dagbag.BundleDagBag","filename":"dagbag.py","lineno":469}
{"timestamp":"2026-05-20T07:32:17.272453Z","level":"warning","event":"The `airflow.operators.python.PythonOperator` attribute is deprecated. Please use `'airflow.providers.standard.operators.python.PythonOperator'`.","category":"UserWarning","filename":"/opt/airflow/dags/weather_alert_stream.py","lineno":7,"logger":"py.warnings"}
{"timestamp":"2026-05-20T07:32:48.134678Z","level":"info","event":"Filling up the DagBag from /opt/airflow/dags/weather_alert_stream.py","logger":"airflow.dag_processing.dagbag.BundleDagBag","filename":"dagbag.py","lineno":469}
{"timestamp":"2026-05-20T07:32:48.222503Z","level":"warning","event":"The `airflow.operators.python.PythonOperator` attribute is deprecated. Please use `'airflow.providers.standard.operators.python.PythonOperator'`.","category":"UserWarning","filename":"/opt/airflow/dags/weather_alert_stream.py","lineno":7,"logger":"py.warnings"}
{"timestamp":"2026-05-20T07:33:18.987750Z","level":"info","event":"Filling up the DagBag from /opt/airflow/dags/weather_alert_stream.py","logger":"airflow.dag_processing.dagbag.BundleDagBag","filename":"dagbag.py","lineno":469}
{"timestamp":"2026-05-20T07:33:19.135080Z","level":"warning","event":"The `airflow.operators.python.PythonOperator` attribute is deprecated. Please use `'airflow.providers.standard.operators.python.PythonOperator'`.","category":"UserWarning","filename":"/opt/airflow/dags/weather_alert_stream.py","lineno":7,"logger":"py.warnings"}
{"timestamp":"2026-05-20T07:33:49.805688Z","level":"info","event":"Filling up the DagBag from /opt/airflow/dags/weather_alert_stream.py","logger":"airflow.dag_processing.dagbag.BundleDagBag","filename":"dagbag.py","lineno":469}
{"timestamp":"2026-05-20T07:33:49.875475Z","level":"warning","event":"The `airflow.operators.python.PythonOperator` attribute is deprecated. Please use `'airflow.providers.standard.operators.python.PythonOperator'`.","category":"UserWarning","filename":"/opt/airflow/dags/weather_alert_stream.py","lineno":7,"logger":"py.warnings"}
{"timestamp":"2026-05-20T07:34:20.182815Z","level":"info","event":"Filling up the DagBag from /opt/airflow/dags/weather_alert_stream.py","logger":"airflow.dag_processing.dagbag.BundleDagBag","filename":"dagbag.py","lineno":469}
{"timestamp":"2026-05-20T07:34:20.345940Z","level":"warning","event":"The `airflow.operators.python.PythonOperator` attribute is deprecated. Please use `'airflow.providers.standard.operators.python.PythonOperator'`.","category":"UserWarning","filename":"/opt/airflow/dags/weather_alert_stream.py","lineno":7,"logger":"py.warnings"}
{"timestamp":"2026-05-20T07:34:50.400120Z","level":"info","event":"Filling up the DagBag from /opt/airflow/dags/weather_alert_stream.py","logger":"airflow.dag_processing.dagbag.BundleDagBag","filename":"dagbag.py","lineno":469}
{"timestamp":"2026-05-20T07:34:50.471014Z","level":"warning","event":"The `airflow.operators.python.PythonOperator` attribute is deprecated. Please use `'airflow.providers.standard.operators.python.PythonOperator'`.","category":"UserWarning","filename":"/opt/airflow/dags/weather_alert_stream.py","lineno":7,"logger":"py.warnings"}
{"timestamp":"2026-05-20T07:35:05.821010Z","level":"info","event":"Filling up the DagBag from /opt/airflow/dags/weather_alert_stream.py","logger":"airflow.dag_processing.dagbag.BundleDagBag","filename":"dagbag.py","lineno":469}
{"timestamp":"2026-05-20T07:35:05.938024Z","level":"error","event":"Failed to import: /opt/airflow/dags/weather_alert_stream.py","logger":"airflow.dag_processing.importers.python_importer","filename":"python_importer.py","lineno":244,"error_detail":[{"exc_type":"NameError","exc_value":"name 'publish_alertsge' is not defined","exc_notes":[],"syntax_error":null,"is_cause":false,"frames":[{"filename":"/home/airflow/.local/lib/python3.13/site-packages/airflow/dag_processing/importers/python_importer.py","lineno":238,"name":"parse"},{"filename":"<frozen importlib._bootstrap_external>","lineno":1023,"name":"exec_module"},{"filename":"<frozen importlib._bootstrap>","lineno":488,"name":"_call_with_frames_removed"},{"filename":"/opt/airflow/dags/weather_alert_stream.py","lineno":129,"name":"<module>"}],"is_group":false,"exceptions":[]}]}
{"timestamp":"2026-05-20T07:35:05.939183Z","level":"error","event":"Error loading DAG from weather_alert_stream.py: name 'publish_alertsge' is not defined","logger":"airflow.dag_processing.dagbag.BundleDagBag","filename":"dagbag.py","lineno":327}
{"timestamp":"2026-05-20T07:35:05.939385Z","level":"warning","event":"The `airflow.operators.python.PythonOperator` attribute is deprecated. Please use `'airflow.providers.standard.operators.python.PythonOperator'`.","category":"UserWarning","filename":"/opt/airflow/dags/weather_alert_stream.py","lineno":7,"logger":"py.warnings"}
{"timestamp":"2026-05-20T07:35:36.227351Z","level":"info","event":"Filling up the DagBag from /opt/airflow/dags/weather_alert_stream.py","logger":"airflow.dag_processing.dagbag.BundleDagBag","filename":"dagbag.py","lineno":469}
{"timestamp":"2026-05-20T07:35:36.304154Z","level":"error","event":"Failed to import: /opt/airflow/dags/weather_alert_stream.py","logger":"airflow.dag_processing.importers.python_importer","filename":"python_importer.py","lineno":244,"error_detail":[{"exc_type":"NameError","exc_value":"name 'publish_alertsge' is not defined","exc_notes":[],"syntax_error":null,"is_cause":false,"frames":[{"filename":"/home/airflow/.local/lib/python3.13/site-packages/airflow/dag_processing/importers/python_importer.py","lineno":238,"name":"parse"},{"filename":"<frozen importlib._bootstrap_external>","lineno":1023,"name":"exec_module"},{"filename":"<frozen importlib._bootstrap>","lineno":488,"name":"_call_with_frames_removed"},{"filename":"/opt/airflow/dags/weather_alert_stream.py","lineno":129,"name":"<module>"}],"is_group":false,"exceptions":[]}]}
{"timestamp":"2026-05-20T07:35:36.304914Z","level":"error","event":"Error loading DAG from weather_alert_stream.py: name 'publish_alertsge' is not defined","logger":"airflow.dag_processing.dagbag.BundleDagBag","filename":"dagbag.py","lineno":327}
{"timestamp":"2026-05-20T07:35:36.305039Z","level":"warning","event":"The `airflow.operators.python.PythonOperator` attribute is deprecated. Please use `'airflow.providers.standard.operators.python.PythonOperator'`.","category":"UserWarning","filename":"/opt/airflow/dags/weather_alert_stream.py","lineno":7,"logger":"py.warnings"}
{"timestamp":"2026-05-20T07:36:06.526225Z","level":"info","event":"Filling up the DagBag from /opt/airflow/dags/weather_alert_stream.py","logger":"airflow.dag_processing.dagbag.BundleDagBag","filename":"dagbag.py","lineno":469}
{"timestamp":"2026-05-20T07:36:06.598380Z","level":"error","event":"Failed to import: /opt/airflow/dags/weather_alert_stream.py","logger":"airflow.dag_processing.importers.python_importer","filename":"python_importer.py","lineno":244,"error_detail":[{"exc_type":"NameError","exc_value":"name 'publish_alertsge' is not defined","exc_notes":[],"syntax_error":null,"is_cause":false,"frames":[{"filename":"/home/airflow/.local/lib/python3.13/site-packages/airflow/dag_processing/importers/python_importer.py","lineno":238,"name":"parse"},{"filename":"<frozen importlib._bootstrap_external>","lineno":1023,"name":"exec_module"},{"filename":"<frozen importlib._bootstrap>","lineno":488,"name":"_call_with_frames_removed"},{"filename":"/opt/airflow/dags/weather_alert_stream.py","lineno":129,"name":"<module>"}],"is_group":false,"exceptions":[]}]}
{"timestamp":"2026-05-20T07:36:06.599100Z","level":"error","event":"Error loading DAG from weather_alert_stream.py: name 'publish_alertsge' is not defined","logger":"airflow.dag_processing.dagbag.BundleDagBag","filename":"dagbag.py","lineno":327}
{"timestamp":"2026-05-20T07:36:06.599218Z","level":"warning","event":"The `airflow.operators.python.PythonOperator` attribute is deprecated. Please use `'airflow.providers.standard.operators.python.PythonOperator'`.","category":"UserWarning","filename":"/opt/airflow/dags/weather_alert_stream.py","lineno":7,"logger":"py.warnings"}
{"timestamp":"2026-05-20T07:36:36.993041Z","level":"info","event":"Filling up the DagBag from /opt/airflow/dags/weather_alert_stream.py","logger":"airflow.dag_processing.dagbag.BundleDagBag","filename":"dagbag.py","lineno":469}
{"timestamp":"2026-05-20T07:36:37.072084Z","level":"error","event":"Failed to import: /opt/airflow/dags/weather_alert_stream.py","logger":"airflow.dag_processing.importers.python_importer","filename":"python_importer.py","lineno":244,"error_detail":[{"exc_type":"NameError","exc_value":"name 'publish_alertsge' is not defined","exc_notes":[],"syntax_error":null,"is_cause":false,"frames":[{"filename":"/home/airflow/.local/lib/python3.13/site-packages/airflow/dag_processing/importers/python_importer.py","lineno":238,"name":"parse"},{"filename":"<frozen importlib._bootstrap_external>","lineno":1023,"name":"exec_module"},{"filename":"<frozen importlib._bootstrap>","lineno":488,"name":"_call_with_frames_removed"},{"filename":"/opt/airflow/dags/weather_alert_stream.py","lineno":129,"name":"<module>"}],"is_group":false,"exceptions":[]}]}
{"timestamp":"2026-05-20T07:36:37.072913Z","level":"error","event":"Error loading DAG from weather_alert_stream.py: name 'publish_alertsge' is not defined","logger":"airflow.dag_processing.dagbag.BundleDagBag","filename":"dagbag.py","lineno":327}
{"timestamp":"2026-05-20T07:36:37.073038Z","level":"warning","event":"The `airflow.operators.python.PythonOperator` attribute is deprecated. Please use `'airflow.providers.standard.operators.python.PythonOperator'`.","category":"UserWarning","filename":"/opt/airflow/dags/weather_alert_stream.py","lineno":7,"logger":"py.warnings"}
{"timestamp":"2026-05-20T07:37:07.152071Z","level":"info","event":"Filling up the DagBag from /opt/airflow/dags/weather_alert_stream.py","logger":"airflow.dag_processing.dagbag.BundleDagBag","filename":"dagbag.py","lineno":469}
{"timestamp":"2026-05-20T07:37:07.218870Z","level":"error","event":"Failed to import: /opt/airflow/dags/weather_alert_stream.py","logger":"airflow.dag_processing.importers.python_importer","filename":"python_importer.py","lineno":244,"error_detail":[{"exc_type":"NameError","exc_value":"name 'publish_alertsge' is not defined","exc_notes":[],"syntax_error":null,"is_cause":false,"frames":[{"filename":"/home/airflow/.local/lib/python3.13/site-packages/airflow/dag_processing/importers/python_importer.py","lineno":238,"name":"parse"},{"filename":"<frozen importlib._bootstrap_external>","lineno":1023,"name":"exec_module"},{"filename":"<frozen importlib._bootstrap>","lineno":488,"name":"_call_with_frames_removed"},{"filename":"/opt/airflow/dags/weather_alert_stream.py","lineno":129,"name":"<module>"}],"is_group":false,"exceptions":[]}]}
{"timestamp":"2026-05-20T07:37:07.219806Z","level":"error","event":"Error loading DAG from weather_alert_stream.py: name 'publish_alertsge' is not defined","logger":"airflow.dag_processing.dagbag.BundleDagBag","filename":"dagbag.py","lineno":327}
{"timestamp":"2026-05-20T07:37:07.219952Z","level":"warning","event":"The `airflow.operators.python.PythonOperator` attribute is deprecated. Please use `'airflow.providers.standard.operators.python.PythonOperator'`.","category":"UserWarning","filename":"/opt/airflow/dags/weather_alert_stream.py","lineno":7,"logger":"py.warnings"}
{"timestamp":"2026-05-20T07:37:37.709903Z","level":"info","event":"Filling up the DagBag from /opt/airflow/dags/weather_alert_stream.py","logger":"airflow.dag_processing.dagbag.BundleDagBag","filename":"dagbag.py","lineno":469}
{"timestamp":"2026-05-20T07:37:37.783679Z","level":"error","event":"Failed to import: /opt/airflow/dags/weather_alert_stream.py","logger":"airflow.dag_processing.importers.python_importer","filename":"python_importer.py","lineno":244,"error_detail":[{"exc_type":"NameError","exc_value":"name 'publish_alertsge' is not defined","exc_notes":[],"syntax_error":null,"is_cause":false,"frames":[{"filename":"/home/airflow/.local/lib/python3.13/site-packages/airflow/dag_processing/importers/python_importer.py","lineno":238,"name":"parse"},{"filename":"<frozen importlib._bootstrap_external>","lineno":1023,"name":"exec_module"},{"filename":"<frozen importlib._bootstrap>","lineno":488,"name":"_call_with_frames_removed"},{"filename":"/opt/airflow/dags/weather_alert_stream.py","lineno":129,"name":"<module>"}],"is_group":false,"exceptions":[]}]}
{"timestamp":"2026-05-20T07:37:37.784532Z","level":"error","event":"Error loading DAG from weather_alert_stream.py: name 'publish_alertsge' is not defined","logger":"airflow.dag_processing.dagbag.BundleDagBag","filename":"dagbag.py","lineno":327}
{"timestamp":"2026-05-20T07:37:37.784660Z","level":"warning","event":"The `airflow.operators.python.PythonOperator` attribute is deprecated. Please use `'airflow.providers.standard.operators.python.PythonOperator'`.","category":"UserWarning","filename":"/opt/airflow/dags/weather_alert_stream.py","lineno":7,"logger":"py.warnings"}
{"timestamp":"2026-05-20T07:38:08.673032Z","level":"info","event":"Filling up the DagBag from /opt/airflow/dags/weather_alert_stream.py","logger":"airflow.dag_processing.dagbag.BundleDagBag","filename":"dagbag.py","lineno":469}
{"timestamp":"2026-05-20T07:38:08.753518Z","level":"error","event":"Failed to import: /opt/airflow/dags/weather_alert_stream.py","logger":"airflow.dag_processing.importers.python_importer","filename":"python_importer.py","lineno":244,"error_detail":[{"exc_type":"NameError","exc_value":"name 'publish_alertsge' is not defined","exc_notes":[],"syntax_error":null,"is_cause":false,"frames":[{"filename":"/home/airflow/.local/lib/python3.13/site-packages/airflow/dag_processing/importers/python_importer.py","lineno":238,"name":"parse"},{"filename":"<frozen importlib._bootstrap_external>","lineno":1023,"name":"exec_module"},{"filename":"<frozen importlib._bootstrap>","lineno":488,"name":"_call_with_frames_removed"},{"filename":"/opt/airflow/dags/weather_alert_stream.py","lineno":129,"name":"<module>"}],"is_group":false,"exceptions":[]}]}
{"timestamp":"2026-05-20T07:38:08.754647Z","level":"error","event":"Error loading DAG from weather_alert_stream.py: name 'publish_alertsge' is not defined","logger":"airflow.dag_processing.dagbag.BundleDagBag","filename":"dagbag.py","lineno":327}
{"timestamp":"2026-05-20T07:38:08.754815Z","level":"warning","event":"The `airflow.operators.python.PythonOperator` attribute is deprecated. Please use `'airflow.providers.standard.operators.python.PythonOperator'`.","category":"UserWarning","filename":"/opt/airflow/dags/weather_alert_stream.py","lineno":7,"logger":"py.warnings"}
{"timestamp":"2026-05-20T07:38:39.238315Z","level":"info","event":"Filling up the DagBag from /opt/airflow/dags/weather_alert_stream.py","logger":"airflow.dag_processing.dagbag.BundleDagBag","filename":"dagbag.py","lineno":469}
{"timestamp":"2026-05-20T07:38:39.313226Z","level":"error","event":"Failed to import: /opt/airflow/dags/weather_alert_stream.py","logger":"airflow.dag_processing.importers.python_importer","filename":"python_importer.py","lineno":244,"error_detail":[{"exc_type":"NameError","exc_value":"name 'publish_alertsge' is not defined","exc_notes":[],"syntax_error":null,"is_cause":false,"frames":[{"filename":"/home/airflow/.local/lib/python3.13/site-packages/airflow/dag_processing/importers/python_importer.py","lineno":238,"name":"parse"},{"filename":"<frozen importlib._bootstrap_external>","lineno":1023,"name":"exec_module"},{"filename":"<frozen importlib._bootstrap>","lineno":488,"name":"_call_with_frames_removed"},{"filename":"/opt/airflow/dags/weather_alert_stream.py","lineno":129,"name":"<module>"}],"is_group":false,"exceptions":[]}]}
{"timestamp":"2026-05-20T07:38:39.314408Z","level":"error","event":"Error loading DAG from weather_alert_stream.py: name 'publish_alertsge' is not defined","logger":"airflow.dag_processing.dagbag.BundleDagBag","filename":"dagbag.py","lineno":327}
{"timestamp":"2026-05-20T07:38:39.314624Z","level":"warning","event":"The `airflow.operators.python.PythonOperator` attribute is deprecated. Please use `'airflow.providers.standard.operators.python.PythonOperator'`.","category":"UserWarning","filename":"/opt/airflow/dags/weather_alert_stream.py","lineno":7,"logger":"py.warnings"}
{"timestamp":"2026-05-20T07:39:09.368260Z","level":"info","event":"Filling up the DagBag from /opt/airflow/dags/weather_alert_stream.py","logger":"airflow.dag_processing.dagbag.BundleDagBag","filename":"dagbag.py","lineno":469}
{"timestamp":"2026-05-20T07:39:09.444034Z","level":"error","event":"Failed to import: /opt/airflow/dags/weather_alert_stream.py","logger":"airflow.dag_processing.importers.python_importer","filename":"python_importer.py","lineno":244,"error_detail":[{"exc_type":"NameError","exc_value":"name 'publish_alertsge' is not defined","exc_notes":[],"syntax_error":null,"is_cause":false,"frames":[{"filename":"/home/airflow/.local/lib/python3.13/site-packages/airflow/dag_processing/importers/python_importer.py","lineno":238,"name":"parse"},{"filename":"<frozen importlib._bootstrap_external>","lineno":1023,"name":"exec_module"},{"filename":"<frozen importlib._bootstrap>","lineno":488,"name":"_call_with_frames_removed"},{"filename":"/opt/airflow/dags/weather_alert_stream.py","lineno":129,"name":"<module>"}],"is_group":false,"exceptions":[]}]}
{"timestamp":"2026-05-20T07:39:09.444840Z","level":"error","event":"Error loading DAG from weather_alert_stream.py: name 'publish_alertsge' is not defined","logger":"airflow.dag_processing.dagbag.BundleDagBag","filename":"dagbag.py","lineno":327}
{"timestamp":"2026-05-20T07:39:09.444972Z","level":"warning","event":"The `airflow.operators.python.PythonOperator` attribute is deprecated. Please use `'airflow.providers.standard.operators.python.PythonOperator'`.","category":"UserWarning","filename":"/opt/airflow/dags/weather_alert_stream.py","lineno":7,"logger":"py.warnings"}
{"timestamp":"2026-05-20T07:39:40.243940Z","level":"info","event":"Filling up the DagBag from /opt/airflow/dags/weather_alert_stream.py","logger":"airflow.dag_processing.dagbag.BundleDagBag","filename":"dagbag.py","lineno":469}
{"timestamp":"2026-05-20T07:39:40.313910Z","level":"error","event":"Failed to import: /opt/airflow/dags/weather_alert_stream.py","logger":"airflow.dag_processing.importers.python_importer","filename":"python_importer.py","lineno":244,"error_detail":[{"exc_type":"NameError","exc_value":"name 'publish_alertsge' is not defined","exc_notes":[],"syntax_error":null,"is_cause":false,"frames":[{"filename":"/home/airflow/.local/lib/python3.13/site-packages/airflow/dag_processing/importers/python_importer.py","lineno":238,"name":"parse"},{"filename":"<frozen importlib._bootstrap_external>","lineno":1023,"name":"exec_module"},{"filename":"<frozen importlib._bootstrap>","lineno":488,"name":"_call_with_frames_removed"},{"filename":"/opt/airflow/dags/weather_alert_stream.py","lineno":129,"name":"<module>"}],"is_group":false,"exceptions":[]}]}
{"timestamp":"2026-05-20T07:39:40.314758Z","level":"error","event":"Error loading DAG from weather_alert_stream.py: name 'publish_alertsge' is not defined","logger":"airflow.dag_processing.dagbag.BundleDagBag","filename":"dagbag.py","lineno":327}
{"timestamp":"2026-05-20T07:39:40.314884Z","level":"warning","event":"The `airflow.operators.python.PythonOperator` attribute is deprecated. Please use `'airflow.providers.standard.operators.python.PythonOperator'`.","category":"UserWarning","filename":"/opt/airflow/dags/weather_alert_stream.py","lineno":7,"logger":"py.warnings"}
{"timestamp":"2026-05-20T07:40:11.090506Z","level":"info","event":"Filling up the DagBag from /opt/airflow/dags/weather_alert_stream.py","logger":"airflow.dag_processing.dagbag.BundleDagBag","filename":"dagbag.py","lineno":469}
{"timestamp":"2026-05-20T07:40:11.162434Z","level":"error","event":"Failed to import: /opt/airflow/dags/weather_alert_stream.py","logger":"airflow.dag_processing.importers.python_importer","filename":"python_importer.py","lineno":244,"error_detail":[{"exc_type":"NameError","exc_value":"name 'publish_alertsge' is not defined","exc_notes":[],"syntax_error":null,"is_cause":false,"frames":[{"filename":"/home/airflow/.local/lib/python3.13/site-packages/airflow/dag_processing/importers/python_importer.py","lineno":238,"name":"parse"},{"filename":"<frozen importlib._bootstrap_external>","lineno":1023,"name":"exec_module"},{"filename":"<frozen importlib._bootstrap>","lineno":488,"name":"_call_with_frames_removed"},{"filename":"/opt/airflow/dags/weather_alert_stream.py","lineno":129,"name":"<module>"}],"is_group":false,"exceptions":[]}]}
{"timestamp":"2026-05-20T07:40:11.163309Z","level":"error","event":"Error loading DAG from weather_alert_stream.py: name 'publish_alertsge' is not defined","logger":"airflow.dag_processing.dagbag.BundleDagBag","filename":"dagbag.py","lineno":327}
{"timestamp":"2026-05-20T07:40:11.163428Z","level":"warning","event":"The `airflow.operators.python.PythonOperator` attribute is deprecated. Please use `'airflow.providers.standard.operators.python.PythonOperator'`.","category":"UserWarning","filename":"/opt/airflow/dags/weather_alert_stream.py","lineno":7,"logger":"py.warnings"}
