{"timestamp":"2026-05-19T15:00:09.777284Z","level":"info","event":"Filling up the DagBag from /opt/airflow/dags/weather_snapshot_aggregator.py","logger":"airflow.dag_processing.dagbag.BundleDagBag","filename":"dagbag.py","lineno":469}
{"timestamp":"2026-05-19T15:00:09.779816Z","level":"error","event":"Failed to import: /opt/airflow/dags/weather_snapshot_aggregator.py","logger":"airflow.dag_processing.importers.python_importer","filename":"python_importer.py","lineno":244,"error_detail":[{"exc_type":"ModuleNotFoundError","exc_value":"No module named 'airflow.datasets'","exc_notes":[],"syntax_error":null,"is_cause":false,"frames":[{"filename":"/home/airflow/.local/lib/python3.13/site-packages/airflow/dag_processing/importers/python_importer.py","lineno":238,"name":"parse"},{"filename":"<frozen importlib._bootstrap_external>","lineno":1023,"name":"exec_module"},{"filename":"<frozen importlib._bootstrap>","lineno":488,"name":"_call_with_frames_removed"},{"filename":"/opt/airflow/dags/weather_snapshot_aggregator.py","lineno":9,"name":"<module>"},{"filename":"/opt/airflow/dags/weather_datasets.py","lineno":1,"name":"<module>"}],"is_group":false,"exceptions":[]}]}
{"timestamp":"2026-05-19T15:00:09.780553Z","level":"error","event":"Error loading DAG from weather_snapshot_aggregator.py: No module named 'airflow.datasets'","logger":"airflow.dag_processing.dagbag.BundleDagBag","filename":"dagbag.py","lineno":327}
{"timestamp":"2026-05-19T15:00:09.780680Z","level":"warning","event":"The `airflow.operators.python.PythonOperator` attribute is deprecated. Please use `'airflow.providers.standard.operators.python.PythonOperator'`.","category":"UserWarning","filename":"/opt/airflow/dags/weather_snapshot_aggregator.py","lineno":7,"logger":"py.warnings"}
{"timestamp":"2026-05-19T15:00:39.920297Z","level":"info","event":"Filling up the DagBag from /opt/airflow/dags/weather_snapshot_aggregator.py","logger":"airflow.dag_processing.dagbag.BundleDagBag","filename":"dagbag.py","lineno":469}
{"timestamp":"2026-05-19T15:00:39.921994Z","level":"error","event":"Failed to import: /opt/airflow/dags/weather_snapshot_aggregator.py","logger":"airflow.dag_processing.importers.python_importer","filename":"python_importer.py","lineno":244,"error_detail":[{"exc_type":"ModuleNotFoundError","exc_value":"No module named 'airflow.datasets'","exc_notes":[],"syntax_error":null,"is_cause":false,"frames":[{"filename":"/home/airflow/.local/lib/python3.13/site-packages/airflow/dag_processing/importers/python_importer.py","lineno":238,"name":"parse"},{"filename":"<frozen importlib._bootstrap_external>","lineno":1023,"name":"exec_module"},{"filename":"<frozen importlib._bootstrap>","lineno":488,"name":"_call_with_frames_removed"},{"filename":"/opt/airflow/dags/weather_snapshot_aggregator.py","lineno":9,"name":"<module>"},{"filename":"/opt/airflow/dags/weather_datasets.py","lineno":1,"name":"<module>"}],"is_group":false,"exceptions":[]}]}
{"timestamp":"2026-05-19T15:00:39.922750Z","level":"error","event":"Error loading DAG from weather_snapshot_aggregator.py: No module named 'airflow.datasets'","logger":"airflow.dag_processing.dagbag.BundleDagBag","filename":"dagbag.py","lineno":327}
{"timestamp":"2026-05-19T15:00:39.922860Z","level":"warning","event":"The `airflow.operators.python.PythonOperator` attribute is deprecated. Please use `'airflow.providers.standard.operators.python.PythonOperator'`.","category":"UserWarning","filename":"/opt/airflow/dags/weather_snapshot_aggregator.py","lineno":7,"logger":"py.warnings"}
{"timestamp":"2026-05-19T15:01:10.357008Z","level":"info","event":"Filling up the DagBag from /opt/airflow/dags/weather_snapshot_aggregator.py","logger":"airflow.dag_processing.dagbag.BundleDagBag","filename":"dagbag.py","lineno":469}
{"timestamp":"2026-05-19T15:01:10.358683Z","level":"error","event":"Failed to import: /opt/airflow/dags/weather_snapshot_aggregator.py","logger":"airflow.dag_processing.importers.python_importer","filename":"python_importer.py","lineno":244,"error_detail":[{"exc_type":"ModuleNotFoundError","exc_value":"No module named 'airflow.datasets'","exc_notes":[],"syntax_error":null,"is_cause":false,"frames":[{"filename":"/home/airflow/.local/lib/python3.13/site-packages/airflow/dag_processing/importers/python_importer.py","lineno":238,"name":"parse"},{"filename":"<frozen importlib._bootstrap_external>","lineno":1023,"name":"exec_module"},{"filename":"<frozen importlib._bootstrap>","lineno":488,"name":"_call_with_frames_removed"},{"filename":"/opt/airflow/dags/weather_snapshot_aggregator.py","lineno":9,"name":"<module>"},{"filename":"/opt/airflow/dags/weather_datasets.py","lineno":1,"name":"<module>"}],"is_group":false,"exceptions":[]}]}
{"timestamp":"2026-05-19T15:01:10.359417Z","level":"error","event":"Error loading DAG from weather_snapshot_aggregator.py: No module named 'airflow.datasets'","logger":"airflow.dag_processing.dagbag.BundleDagBag","filename":"dagbag.py","lineno":327}
{"timestamp":"2026-05-19T15:01:10.359527Z","level":"warning","event":"The `airflow.operators.python.PythonOperator` attribute is deprecated. Please use `'airflow.providers.standard.operators.python.PythonOperator'`.","category":"UserWarning","filename":"/opt/airflow/dags/weather_snapshot_aggregator.py","lineno":7,"logger":"py.warnings"}
{"timestamp":"2026-05-19T15:01:40.871386Z","level":"info","event":"Filling up the DagBag from /opt/airflow/dags/weather_snapshot_aggregator.py","logger":"airflow.dag_processing.dagbag.BundleDagBag","filename":"dagbag.py","lineno":469}
{"timestamp":"2026-05-19T15:01:40.877264Z","level":"warning","event":"The `airflow.operators.python.PythonOperator` attribute is deprecated. Please use `'airflow.providers.standard.operators.python.PythonOperator'`.","category":"UserWarning","filename":"/opt/airflow/dags/weather_snapshot_aggregator.py","lineno":7,"logger":"py.warnings"}
{"timestamp":"2026-05-19T15:02:11.269944Z","level":"info","event":"Filling up the DagBag from /opt/airflow/dags/weather_snapshot_aggregator.py","logger":"airflow.dag_processing.dagbag.BundleDagBag","filename":"dagbag.py","lineno":469}
{"timestamp":"2026-05-19T15:02:11.273711Z","level":"warning","event":"The `airflow.operators.python.PythonOperator` attribute is deprecated. Please use `'airflow.providers.standard.operators.python.PythonOperator'`.","category":"UserWarning","filename":"/opt/airflow/dags/weather_snapshot_aggregator.py","lineno":7,"logger":"py.warnings"}
{"timestamp":"2026-05-19T15:02:42.036077Z","level":"info","event":"Filling up the DagBag from /opt/airflow/dags/weather_snapshot_aggregator.py","logger":"airflow.dag_processing.dagbag.BundleDagBag","filename":"dagbag.py","lineno":469}
{"timestamp":"2026-05-19T15:02:42.041591Z","level":"warning","event":"The `airflow.operators.python.PythonOperator` attribute is deprecated. Please use `'airflow.providers.standard.operators.python.PythonOperator'`.","category":"UserWarning","filename":"/opt/airflow/dags/weather_snapshot_aggregator.py","lineno":7,"logger":"py.warnings"}
{"timestamp":"2026-05-19T15:03:12.794027Z","level":"info","event":"Filling up the DagBag from /opt/airflow/dags/weather_snapshot_aggregator.py","logger":"airflow.dag_processing.dagbag.BundleDagBag","filename":"dagbag.py","lineno":469}
{"timestamp":"2026-05-19T15:03:12.799289Z","level":"warning","event":"The `airflow.operators.python.PythonOperator` attribute is deprecated. Please use `'airflow.providers.standard.operators.python.PythonOperator'`.","category":"UserWarning","filename":"/opt/airflow/dags/weather_snapshot_aggregator.py","lineno":7,"logger":"py.warnings"}
{"timestamp":"2026-05-19T15:03:43.650757Z","level":"info","event":"Filling up the DagBag from /opt/airflow/dags/weather_snapshot_aggregator.py","logger":"airflow.dag_processing.dagbag.BundleDagBag","filename":"dagbag.py","lineno":469}
{"timestamp":"2026-05-19T15:03:43.654056Z","level":"warning","event":"The `airflow.operators.python.PythonOperator` attribute is deprecated. Please use `'airflow.providers.standard.operators.python.PythonOperator'`.","category":"UserWarning","filename":"/opt/airflow/dags/weather_snapshot_aggregator.py","lineno":7,"logger":"py.warnings"}
{"timestamp":"2026-05-19T15:04:14.011514Z","level":"info","event":"Filling up the DagBag from /opt/airflow/dags/weather_snapshot_aggregator.py","logger":"airflow.dag_processing.dagbag.BundleDagBag","filename":"dagbag.py","lineno":469}
{"timestamp":"2026-05-19T15:04:14.014630Z","level":"warning","event":"The `airflow.operators.python.PythonOperator` attribute is deprecated. Please use `'airflow.providers.standard.operators.python.PythonOperator'`.","category":"UserWarning","filename":"/opt/airflow/dags/weather_snapshot_aggregator.py","lineno":7,"logger":"py.warnings"}
{"timestamp":"2026-05-19T15:04:44.970073Z","level":"info","event":"Filling up the DagBag from /opt/airflow/dags/weather_snapshot_aggregator.py","logger":"airflow.dag_processing.dagbag.BundleDagBag","filename":"dagbag.py","lineno":469}
{"timestamp":"2026-05-19T15:04:44.973167Z","level":"warning","event":"The `airflow.operators.python.PythonOperator` attribute is deprecated. Please use `'airflow.providers.standard.operators.python.PythonOperator'`.","category":"UserWarning","filename":"/opt/airflow/dags/weather_snapshot_aggregator.py","lineno":7,"logger":"py.warnings"}
{"timestamp":"2026-05-19T15:05:15.838195Z","level":"info","event":"Filling up the DagBag from /opt/airflow/dags/weather_snapshot_aggregator.py","logger":"airflow.dag_processing.dagbag.BundleDagBag","filename":"dagbag.py","lineno":469}
{"timestamp":"2026-05-19T15:05:15.842152Z","level":"warning","event":"The `airflow.operators.python.PythonOperator` attribute is deprecated. Please use `'airflow.providers.standard.operators.python.PythonOperator'`.","category":"UserWarning","filename":"/opt/airflow/dags/weather_snapshot_aggregator.py","lineno":7,"logger":"py.warnings"}
{"timestamp":"2026-05-19T15:05:46.359861Z","level":"info","event":"Filling up the DagBag from /opt/airflow/dags/weather_snapshot_aggregator.py","logger":"airflow.dag_processing.dagbag.BundleDagBag","filename":"dagbag.py","lineno":469}
{"timestamp":"2026-05-19T15:05:46.364799Z","level":"warning","event":"The `airflow.operators.python.PythonOperator` attribute is deprecated. Please use `'airflow.providers.standard.operators.python.PythonOperator'`.","category":"UserWarning","filename":"/opt/airflow/dags/weather_snapshot_aggregator.py","lineno":7,"logger":"py.warnings"}
{"timestamp":"2026-05-19T15:06:16.942044Z","level":"info","event":"Filling up the DagBag from /opt/airflow/dags/weather_snapshot_aggregator.py","logger":"airflow.dag_processing.dagbag.BundleDagBag","filename":"dagbag.py","lineno":469}
{"timestamp":"2026-05-19T15:06:16.945096Z","level":"warning","event":"The `airflow.operators.python.PythonOperator` attribute is deprecated. Please use `'airflow.providers.standard.operators.python.PythonOperator'`.","category":"UserWarning","filename":"/opt/airflow/dags/weather_snapshot_aggregator.py","lineno":7,"logger":"py.warnings"}
{"timestamp":"2026-05-19T15:06:47.525257Z","level":"info","event":"Filling up the DagBag from /opt/airflow/dags/weather_snapshot_aggregator.py","logger":"airflow.dag_processing.dagbag.BundleDagBag","filename":"dagbag.py","lineno":469}
{"timestamp":"2026-05-19T15:06:47.529931Z","level":"warning","event":"The `airflow.operators.python.PythonOperator` attribute is deprecated. Please use `'airflow.providers.standard.operators.python.PythonOperator'`.","category":"UserWarning","filename":"/opt/airflow/dags/weather_snapshot_aggregator.py","lineno":7,"logger":"py.warnings"}
{"timestamp":"2026-05-19T15:07:17.932137Z","level":"info","event":"Filling up the DagBag from /opt/airflow/dags/weather_snapshot_aggregator.py","logger":"airflow.dag_processing.dagbag.BundleDagBag","filename":"dagbag.py","lineno":469}
{"timestamp":"2026-05-19T15:07:17.936999Z","level":"warning","event":"The `airflow.operators.python.PythonOperator` attribute is deprecated. Please use `'airflow.providers.standard.operators.python.PythonOperator'`.","category":"UserWarning","filename":"/opt/airflow/dags/weather_snapshot_aggregator.py","lineno":7,"logger":"py.warnings"}
{"timestamp":"2026-05-19T15:07:48.245726Z","level":"info","event":"Filling up the DagBag from /opt/airflow/dags/weather_snapshot_aggregator.py","logger":"airflow.dag_processing.dagbag.BundleDagBag","filename":"dagbag.py","lineno":469}
{"timestamp":"2026-05-19T15:07:48.249034Z","level":"warning","event":"The `airflow.operators.python.PythonOperator` attribute is deprecated. Please use `'airflow.providers.standard.operators.python.PythonOperator'`.","category":"UserWarning","filename":"/opt/airflow/dags/weather_snapshot_aggregator.py","lineno":7,"logger":"py.warnings"}
{"timestamp":"2026-05-19T15:08:18.317479Z","level":"info","event":"Filling up the DagBag from /opt/airflow/dags/weather_snapshot_aggregator.py","logger":"airflow.dag_processing.dagbag.BundleDagBag","filename":"dagbag.py","lineno":469}
{"timestamp":"2026-05-19T15:08:18.320641Z","level":"warning","event":"The `airflow.operators.python.PythonOperator` attribute is deprecated. Please use `'airflow.providers.standard.operators.python.PythonOperator'`.","category":"UserWarning","filename":"/opt/airflow/dags/weather_snapshot_aggregator.py","lineno":7,"logger":"py.warnings"}
{"timestamp":"2026-05-19T15:08:48.850036Z","level":"info","event":"Filling up the DagBag from /opt/airflow/dags/weather_snapshot_aggregator.py","logger":"airflow.dag_processing.dagbag.BundleDagBag","filename":"dagbag.py","lineno":469}
{"timestamp":"2026-05-19T15:08:48.856023Z","level":"warning","event":"The `airflow.operators.python.PythonOperator` attribute is deprecated. Please use `'airflow.providers.standard.operators.python.PythonOperator'`.","category":"UserWarning","filename":"/opt/airflow/dags/weather_snapshot_aggregator.py","lineno":7,"logger":"py.warnings"}
{"timestamp":"2026-05-19T15:09:19.477922Z","level":"info","event":"Filling up the DagBag from /opt/airflow/dags/weather_snapshot_aggregator.py","logger":"airflow.dag_processing.dagbag.BundleDagBag","filename":"dagbag.py","lineno":469}
{"timestamp":"2026-05-19T15:09:19.480898Z","level":"warning","event":"The `airflow.operators.python.PythonOperator` attribute is deprecated. Please use `'airflow.providers.standard.operators.python.PythonOperator'`.","category":"UserWarning","filename":"/opt/airflow/dags/weather_snapshot_aggregator.py","lineno":7,"logger":"py.warnings"}
{"timestamp":"2026-05-19T15:09:50.213212Z","level":"info","event":"Filling up the DagBag from /opt/airflow/dags/weather_snapshot_aggregator.py","logger":"airflow.dag_processing.dagbag.BundleDagBag","filename":"dagbag.py","lineno":469}
{"timestamp":"2026-05-19T15:09:50.216334Z","level":"warning","event":"The `airflow.operators.python.PythonOperator` attribute is deprecated. Please use `'airflow.providers.standard.operators.python.PythonOperator'`.","category":"UserWarning","filename":"/opt/airflow/dags/weather_snapshot_aggregator.py","lineno":7,"logger":"py.warnings"}
{"timestamp":"2026-05-19T15:10:21.008165Z","level":"info","event":"Filling up the DagBag from /opt/airflow/dags/weather_snapshot_aggregator.py","logger":"airflow.dag_processing.dagbag.BundleDagBag","filename":"dagbag.py","lineno":469}
{"timestamp":"2026-05-19T15:10:21.011614Z","level":"warning","event":"The `airflow.operators.python.PythonOperator` attribute is deprecated. Please use `'airflow.providers.standard.operators.python.PythonOperator'`.","category":"UserWarning","filename":"/opt/airflow/dags/weather_snapshot_aggregator.py","lineno":7,"logger":"py.warnings"}
{"timestamp":"2026-05-19T15:10:51.809254Z","level":"info","event":"Filling up the DagBag from /opt/airflow/dags/weather_snapshot_aggregator.py","logger":"airflow.dag_processing.dagbag.BundleDagBag","filename":"dagbag.py","lineno":469}
{"timestamp":"2026-05-19T15:10:51.812289Z","level":"warning","event":"The `airflow.operators.python.PythonOperator` attribute is deprecated. Please use `'airflow.providers.standard.operators.python.PythonOperator'`.","category":"UserWarning","filename":"/opt/airflow/dags/weather_snapshot_aggregator.py","lineno":7,"logger":"py.warnings"}
{"timestamp":"2026-05-19T15:11:22.128390Z","level":"info","event":"Filling up the DagBag from /opt/airflow/dags/weather_snapshot_aggregator.py","logger":"airflow.dag_processing.dagbag.BundleDagBag","filename":"dagbag.py","lineno":469}
{"timestamp":"2026-05-19T15:11:22.131408Z","level":"warning","event":"The `airflow.operators.python.PythonOperator` attribute is deprecated. Please use `'airflow.providers.standard.operators.python.PythonOperator'`.","category":"UserWarning","filename":"/opt/airflow/dags/weather_snapshot_aggregator.py","lineno":7,"logger":"py.warnings"}
{"timestamp":"2026-05-19T15:11:52.513868Z","level":"info","event":"Filling up the DagBag from /opt/airflow/dags/weather_snapshot_aggregator.py","logger":"airflow.dag_processing.dagbag.BundleDagBag","filename":"dagbag.py","lineno":469}
{"timestamp":"2026-05-19T15:11:52.517070Z","level":"warning","event":"The `airflow.operators.python.PythonOperator` attribute is deprecated. Please use `'airflow.providers.standard.operators.python.PythonOperator'`.","category":"UserWarning","filename":"/opt/airflow/dags/weather_snapshot_aggregator.py","lineno":7,"logger":"py.warnings"}
{"timestamp":"2026-05-19T15:12:22.763992Z","level":"info","event":"Filling up the DagBag from /opt/airflow/dags/weather_snapshot_aggregator.py","logger":"airflow.dag_processing.dagbag.BundleDagBag","filename":"dagbag.py","lineno":469}
{"timestamp":"2026-05-19T15:12:22.767172Z","level":"warning","event":"The `airflow.operators.python.PythonOperator` attribute is deprecated. Please use `'airflow.providers.standard.operators.python.PythonOperator'`.","category":"UserWarning","filename":"/opt/airflow/dags/weather_snapshot_aggregator.py","lineno":7,"logger":"py.warnings"}
{"timestamp":"2026-05-19T15:12:53.055277Z","level":"info","event":"Filling up the DagBag from /opt/airflow/dags/weather_snapshot_aggregator.py","logger":"airflow.dag_processing.dagbag.BundleDagBag","filename":"dagbag.py","lineno":469}
{"timestamp":"2026-05-19T15:12:53.058310Z","level":"warning","event":"The `airflow.operators.python.PythonOperator` attribute is deprecated. Please use `'airflow.providers.standard.operators.python.PythonOperator'`.","category":"UserWarning","filename":"/opt/airflow/dags/weather_snapshot_aggregator.py","lineno":7,"logger":"py.warnings"}
{"timestamp":"2026-05-19T15:13:23.386515Z","level":"info","event":"Filling up the DagBag from /opt/airflow/dags/weather_snapshot_aggregator.py","logger":"airflow.dag_processing.dagbag.BundleDagBag","filename":"dagbag.py","lineno":469}
{"timestamp":"2026-05-19T15:13:23.392605Z","level":"warning","event":"The `airflow.operators.python.PythonOperator` attribute is deprecated. Please use `'airflow.providers.standard.operators.python.PythonOperator'`.","category":"UserWarning","filename":"/opt/airflow/dags/weather_snapshot_aggregator.py","lineno":7,"logger":"py.warnings"}
{"timestamp":"2026-05-19T15:13:53.759925Z","level":"info","event":"Filling up the DagBag from /opt/airflow/dags/weather_snapshot_aggregator.py","logger":"airflow.dag_processing.dagbag.BundleDagBag","filename":"dagbag.py","lineno":469}
{"timestamp":"2026-05-19T15:13:53.764801Z","level":"warning","event":"The `airflow.operators.python.PythonOperator` attribute is deprecated. Please use `'airflow.providers.standard.operators.python.PythonOperator'`.","category":"UserWarning","filename":"/opt/airflow/dags/weather_snapshot_aggregator.py","lineno":7,"logger":"py.warnings"}
{"timestamp":"2026-05-19T15:14:24.613272Z","level":"info","event":"Filling up the DagBag from /opt/airflow/dags/weather_snapshot_aggregator.py","logger":"airflow.dag_processing.dagbag.BundleDagBag","filename":"dagbag.py","lineno":469}
{"timestamp":"2026-05-19T15:14:24.616756Z","level":"warning","event":"The `airflow.operators.python.PythonOperator` attribute is deprecated. Please use `'airflow.providers.standard.operators.python.PythonOperator'`.","category":"UserWarning","filename":"/opt/airflow/dags/weather_snapshot_aggregator.py","lineno":7,"logger":"py.warnings"}
{"timestamp":"2026-05-19T15:14:55.257504Z","level":"info","event":"Filling up the DagBag from /opt/airflow/dags/weather_snapshot_aggregator.py","logger":"airflow.dag_processing.dagbag.BundleDagBag","filename":"dagbag.py","lineno":469}
{"timestamp":"2026-05-19T15:14:55.262492Z","level":"warning","event":"The `airflow.operators.python.PythonOperator` attribute is deprecated. Please use `'airflow.providers.standard.operators.python.PythonOperator'`.","category":"UserWarning","filename":"/opt/airflow/dags/weather_snapshot_aggregator.py","lineno":7,"logger":"py.warnings"}
{"timestamp":"2026-05-19T15:15:25.650560Z","level":"info","event":"Filling up the DagBag from /opt/airflow/dags/weather_snapshot_aggregator.py","logger":"airflow.dag_processing.dagbag.BundleDagBag","filename":"dagbag.py","lineno":469}
{"timestamp":"2026-05-19T15:15:25.655844Z","level":"warning","event":"The `airflow.operators.python.PythonOperator` attribute is deprecated. Please use `'airflow.providers.standard.operators.python.PythonOperator'`.","category":"UserWarning","filename":"/opt/airflow/dags/weather_snapshot_aggregator.py","lineno":7,"logger":"py.warnings"}
{"timestamp":"2026-05-19T15:15:55.954117Z","level":"info","event":"Filling up the DagBag from /opt/airflow/dags/weather_snapshot_aggregator.py","logger":"airflow.dag_processing.dagbag.BundleDagBag","filename":"dagbag.py","lineno":469}
{"timestamp":"2026-05-19T15:15:55.957226Z","level":"warning","event":"The `airflow.operators.python.PythonOperator` attribute is deprecated. Please use `'airflow.providers.standard.operators.python.PythonOperator'`.","category":"UserWarning","filename":"/opt/airflow/dags/weather_snapshot_aggregator.py","lineno":7,"logger":"py.warnings"}
{"timestamp":"2026-05-19T15:16:26.262791Z","level":"info","event":"Filling up the DagBag from /opt/airflow/dags/weather_snapshot_aggregator.py","logger":"airflow.dag_processing.dagbag.BundleDagBag","filename":"dagbag.py","lineno":469}
{"timestamp":"2026-05-19T15:16:26.265842Z","level":"warning","event":"The `airflow.operators.python.PythonOperator` attribute is deprecated. Please use `'airflow.providers.standard.operators.python.PythonOperator'`.","category":"UserWarning","filename":"/opt/airflow/dags/weather_snapshot_aggregator.py","lineno":7,"logger":"py.warnings"}
{"timestamp":"2026-05-19T15:16:56.903585Z","level":"info","event":"Filling up the DagBag from /opt/airflow/dags/weather_snapshot_aggregator.py","logger":"airflow.dag_processing.dagbag.BundleDagBag","filename":"dagbag.py","lineno":469}
{"timestamp":"2026-05-19T15:16:56.906659Z","level":"warning","event":"The `airflow.operators.python.PythonOperator` attribute is deprecated. Please use `'airflow.providers.standard.operators.python.PythonOperator'`.","category":"UserWarning","filename":"/opt/airflow/dags/weather_snapshot_aggregator.py","lineno":7,"logger":"py.warnings"}
{"timestamp":"2026-05-19T15:17:27.414997Z","level":"info","event":"Filling up the DagBag from /opt/airflow/dags/weather_snapshot_aggregator.py","logger":"airflow.dag_processing.dagbag.BundleDagBag","filename":"dagbag.py","lineno":469}
{"timestamp":"2026-05-19T15:17:27.418203Z","level":"warning","event":"The `airflow.operators.python.PythonOperator` attribute is deprecated. Please use `'airflow.providers.standard.operators.python.PythonOperator'`.","category":"UserWarning","filename":"/opt/airflow/dags/weather_snapshot_aggregator.py","lineno":7,"logger":"py.warnings"}
{"timestamp":"2026-05-19T15:17:57.903366Z","level":"info","event":"Filling up the DagBag from /opt/airflow/dags/weather_snapshot_aggregator.py","logger":"airflow.dag_processing.dagbag.BundleDagBag","filename":"dagbag.py","lineno":469}
{"timestamp":"2026-05-19T15:17:57.906518Z","level":"warning","event":"The `airflow.operators.python.PythonOperator` attribute is deprecated. Please use `'airflow.providers.standard.operators.python.PythonOperator'`.","category":"UserWarning","filename":"/opt/airflow/dags/weather_snapshot_aggregator.py","lineno":7,"logger":"py.warnings"}
{"timestamp":"2026-05-19T15:18:28.262036Z","level":"info","event":"Filling up the DagBag from /opt/airflow/dags/weather_snapshot_aggregator.py","logger":"airflow.dag_processing.dagbag.BundleDagBag","filename":"dagbag.py","lineno":469}
{"timestamp":"2026-05-19T15:18:28.265234Z","level":"warning","event":"The `airflow.operators.python.PythonOperator` attribute is deprecated. Please use `'airflow.providers.standard.operators.python.PythonOperator'`.","category":"UserWarning","filename":"/opt/airflow/dags/weather_snapshot_aggregator.py","lineno":7,"logger":"py.warnings"}
{"timestamp":"2026-05-19T15:18:58.729288Z","level":"info","event":"Filling up the DagBag from /opt/airflow/dags/weather_snapshot_aggregator.py","logger":"airflow.dag_processing.dagbag.BundleDagBag","filename":"dagbag.py","lineno":469}
{"timestamp":"2026-05-19T15:18:58.732724Z","level":"warning","event":"The `airflow.operators.python.PythonOperator` attribute is deprecated. Please use `'airflow.providers.standard.operators.python.PythonOperator'`.","category":"UserWarning","filename":"/opt/airflow/dags/weather_snapshot_aggregator.py","lineno":7,"logger":"py.warnings"}
{"timestamp":"2026-05-19T15:19:29.099710Z","level":"info","event":"Filling up the DagBag from /opt/airflow/dags/weather_snapshot_aggregator.py","logger":"airflow.dag_processing.dagbag.BundleDagBag","filename":"dagbag.py","lineno":469}
{"timestamp":"2026-05-19T15:19:29.104277Z","level":"warning","event":"The `airflow.operators.python.PythonOperator` attribute is deprecated. Please use `'airflow.providers.standard.operators.python.PythonOperator'`.","category":"UserWarning","filename":"/opt/airflow/dags/weather_snapshot_aggregator.py","lineno":7,"logger":"py.warnings"}
{"timestamp":"2026-05-19T15:19:59.425195Z","level":"info","event":"Filling up the DagBag from /opt/airflow/dags/weather_snapshot_aggregator.py","logger":"airflow.dag_processing.dagbag.BundleDagBag","filename":"dagbag.py","lineno":469}
{"timestamp":"2026-05-19T15:19:59.428461Z","level":"warning","event":"The `airflow.operators.python.PythonOperator` attribute is deprecated. Please use `'airflow.providers.standard.operators.python.PythonOperator'`.","category":"UserWarning","filename":"/opt/airflow/dags/weather_snapshot_aggregator.py","lineno":7,"logger":"py.warnings"}
{"timestamp":"2026-05-19T15:20:29.693925Z","level":"info","event":"Filling up the DagBag from /opt/airflow/dags/weather_snapshot_aggregator.py","logger":"airflow.dag_processing.dagbag.BundleDagBag","filename":"dagbag.py","lineno":469}
{"timestamp":"2026-05-19T15:20:29.696904Z","level":"warning","event":"The `airflow.operators.python.PythonOperator` attribute is deprecated. Please use `'airflow.providers.standard.operators.python.PythonOperator'`.","category":"UserWarning","filename":"/opt/airflow/dags/weather_snapshot_aggregator.py","lineno":7,"logger":"py.warnings"}
{"timestamp":"2026-05-19T15:21:00.154301Z","level":"info","event":"Filling up the DagBag from /opt/airflow/dags/weather_snapshot_aggregator.py","logger":"airflow.dag_processing.dagbag.BundleDagBag","filename":"dagbag.py","lineno":469}
{"timestamp":"2026-05-19T15:21:00.159753Z","level":"warning","event":"The `airflow.operators.python.PythonOperator` attribute is deprecated. Please use `'airflow.providers.standard.operators.python.PythonOperator'`.","category":"UserWarning","filename":"/opt/airflow/dags/weather_snapshot_aggregator.py","lineno":7,"logger":"py.warnings"}
{"timestamp":"2026-05-19T15:21:30.599041Z","level":"info","event":"Filling up the DagBag from /opt/airflow/dags/weather_snapshot_aggregator.py","logger":"airflow.dag_processing.dagbag.BundleDagBag","filename":"dagbag.py","lineno":469}
{"timestamp":"2026-05-19T15:21:30.603700Z","level":"warning","event":"The `airflow.operators.python.PythonOperator` attribute is deprecated. Please use `'airflow.providers.standard.operators.python.PythonOperator'`.","category":"UserWarning","filename":"/opt/airflow/dags/weather_snapshot_aggregator.py","lineno":7,"logger":"py.warnings"}
{"timestamp":"2026-05-19T15:22:01.024989Z","level":"info","event":"Filling up the DagBag from /opt/airflow/dags/weather_snapshot_aggregator.py","logger":"airflow.dag_processing.dagbag.BundleDagBag","filename":"dagbag.py","lineno":469}
{"timestamp":"2026-05-19T15:22:01.028014Z","level":"warning","event":"The `airflow.operators.python.PythonOperator` attribute is deprecated. Please use `'airflow.providers.standard.operators.python.PythonOperator'`.","category":"UserWarning","filename":"/opt/airflow/dags/weather_snapshot_aggregator.py","lineno":7,"logger":"py.warnings"}
{"timestamp":"2026-05-19T15:22:31.719823Z","level":"info","event":"Filling up the DagBag from /opt/airflow/dags/weather_snapshot_aggregator.py","logger":"airflow.dag_processing.dagbag.BundleDagBag","filename":"dagbag.py","lineno":469}
{"timestamp":"2026-05-19T15:22:31.723153Z","level":"warning","event":"The `airflow.operators.python.PythonOperator` attribute is deprecated. Please use `'airflow.providers.standard.operators.python.PythonOperator'`.","category":"UserWarning","filename":"/opt/airflow/dags/weather_snapshot_aggregator.py","lineno":7,"logger":"py.warnings"}
{"timestamp":"2026-05-19T15:23:02.396626Z","level":"info","event":"Filling up the DagBag from /opt/airflow/dags/weather_snapshot_aggregator.py","logger":"airflow.dag_processing.dagbag.BundleDagBag","filename":"dagbag.py","lineno":469}
{"timestamp":"2026-05-19T15:23:02.399844Z","level":"warning","event":"The `airflow.operators.python.PythonOperator` attribute is deprecated. Please use `'airflow.providers.standard.operators.python.PythonOperator'`.","category":"UserWarning","filename":"/opt/airflow/dags/weather_snapshot_aggregator.py","lineno":7,"logger":"py.warnings"}
{"timestamp":"2026-05-19T15:23:32.693594Z","level":"info","event":"Filling up the DagBag from /opt/airflow/dags/weather_snapshot_aggregator.py","logger":"airflow.dag_processing.dagbag.BundleDagBag","filename":"dagbag.py","lineno":469}
{"timestamp":"2026-05-19T15:23:32.696860Z","level":"warning","event":"The `airflow.operators.python.PythonOperator` attribute is deprecated. Please use `'airflow.providers.standard.operators.python.PythonOperator'`.","category":"UserWarning","filename":"/opt/airflow/dags/weather_snapshot_aggregator.py","lineno":7,"logger":"py.warnings"}
{"timestamp":"2026-05-19T15:24:03.048671Z","level":"info","event":"Filling up the DagBag from /opt/airflow/dags/weather_snapshot_aggregator.py","logger":"airflow.dag_processing.dagbag.BundleDagBag","filename":"dagbag.py","lineno":469}
{"timestamp":"2026-05-19T15:24:03.051912Z","level":"warning","event":"The `airflow.operators.python.PythonOperator` attribute is deprecated. Please use `'airflow.providers.standard.operators.python.PythonOperator'`.","category":"UserWarning","filename":"/opt/airflow/dags/weather_snapshot_aggregator.py","lineno":7,"logger":"py.warnings"}
{"timestamp":"2026-05-19T15:24:33.535496Z","level":"info","event":"Filling up the DagBag from /opt/airflow/dags/weather_snapshot_aggregator.py","logger":"airflow.dag_processing.dagbag.BundleDagBag","filename":"dagbag.py","lineno":469}
{"timestamp":"2026-05-19T15:24:33.538601Z","level":"warning","event":"The `airflow.operators.python.PythonOperator` attribute is deprecated. Please use `'airflow.providers.standard.operators.python.PythonOperator'`.","category":"UserWarning","filename":"/opt/airflow/dags/weather_snapshot_aggregator.py","lineno":7,"logger":"py.warnings"}
{"timestamp":"2026-05-19T15:25:04.033196Z","level":"info","event":"Filling up the DagBag from /opt/airflow/dags/weather_snapshot_aggregator.py","logger":"airflow.dag_processing.dagbag.BundleDagBag","filename":"dagbag.py","lineno":469}
{"timestamp":"2026-05-19T15:25:04.036492Z","level":"warning","event":"The `airflow.operators.python.PythonOperator` attribute is deprecated. Please use `'airflow.providers.standard.operators.python.PythonOperator'`.","category":"UserWarning","filename":"/opt/airflow/dags/weather_snapshot_aggregator.py","lineno":7,"logger":"py.warnings"}
{"timestamp":"2026-05-19T15:25:34.420656Z","level":"info","event":"Filling up the DagBag from /opt/airflow/dags/weather_snapshot_aggregator.py","logger":"airflow.dag_processing.dagbag.BundleDagBag","filename":"dagbag.py","lineno":469}
{"timestamp":"2026-05-19T15:25:34.423699Z","level":"warning","event":"The `airflow.operators.python.PythonOperator` attribute is deprecated. Please use `'airflow.providers.standard.operators.python.PythonOperator'`.","category":"UserWarning","filename":"/opt/airflow/dags/weather_snapshot_aggregator.py","lineno":7,"logger":"py.warnings"}
{"timestamp":"2026-05-19T15:26:05.129331Z","level":"info","event":"Filling up the DagBag from /opt/airflow/dags/weather_snapshot_aggregator.py","logger":"airflow.dag_processing.dagbag.BundleDagBag","filename":"dagbag.py","lineno":469}
{"timestamp":"2026-05-19T15:26:05.134070Z","level":"warning","event":"The `airflow.operators.python.PythonOperator` attribute is deprecated. Please use `'airflow.providers.standard.operators.python.PythonOperator'`.","category":"UserWarning","filename":"/opt/airflow/dags/weather_snapshot_aggregator.py","lineno":7,"logger":"py.warnings"}
{"timestamp":"2026-05-19T15:26:35.651258Z","level":"info","event":"Filling up the DagBag from /opt/airflow/dags/weather_snapshot_aggregator.py","logger":"airflow.dag_processing.dagbag.BundleDagBag","filename":"dagbag.py","lineno":469}
{"timestamp":"2026-05-19T15:26:35.654699Z","level":"warning","event":"The `airflow.operators.python.PythonOperator` attribute is deprecated. Please use `'airflow.providers.standard.operators.python.PythonOperator'`.","category":"UserWarning","filename":"/opt/airflow/dags/weather_snapshot_aggregator.py","lineno":7,"logger":"py.warnings"}
{"timestamp":"2026-05-19T15:27:06.194259Z","level":"info","event":"Filling up the DagBag from /opt/airflow/dags/weather_snapshot_aggregator.py","logger":"airflow.dag_processing.dagbag.BundleDagBag","filename":"dagbag.py","lineno":469}
{"timestamp":"2026-05-19T15:27:06.199298Z","level":"warning","event":"The `airflow.operators.python.PythonOperator` attribute is deprecated. Please use `'airflow.providers.standard.operators.python.PythonOperator'`.","category":"UserWarning","filename":"/opt/airflow/dags/weather_snapshot_aggregator.py","lineno":7,"logger":"py.warnings"}
{"timestamp":"2026-05-19T15:27:36.412627Z","level":"info","event":"Filling up the DagBag from /opt/airflow/dags/weather_snapshot_aggregator.py","logger":"airflow.dag_processing.dagbag.BundleDagBag","filename":"dagbag.py","lineno":469}
{"timestamp":"2026-05-19T15:27:36.415732Z","level":"warning","event":"The `airflow.operators.python.PythonOperator` attribute is deprecated. Please use `'airflow.providers.standard.operators.python.PythonOperator'`.","category":"UserWarning","filename":"/opt/airflow/dags/weather_snapshot_aggregator.py","lineno":7,"logger":"py.warnings"}
{"timestamp":"2026-05-19T15:28:07.379341Z","level":"info","event":"Filling up the DagBag from /opt/airflow/dags/weather_snapshot_aggregator.py","logger":"airflow.dag_processing.dagbag.BundleDagBag","filename":"dagbag.py","lineno":469}
{"timestamp":"2026-05-19T15:28:07.383860Z","level":"warning","event":"The `airflow.operators.python.PythonOperator` attribute is deprecated. Please use `'airflow.providers.standard.operators.python.PythonOperator'`.","category":"UserWarning","filename":"/opt/airflow/dags/weather_snapshot_aggregator.py","lineno":7,"logger":"py.warnings"}
{"timestamp":"2026-05-19T15:28:37.851875Z","level":"info","event":"Filling up the DagBag from /opt/airflow/dags/weather_snapshot_aggregator.py","logger":"airflow.dag_processing.dagbag.BundleDagBag","filename":"dagbag.py","lineno":469}
{"timestamp":"2026-05-19T15:28:37.855074Z","level":"warning","event":"The `airflow.operators.python.PythonOperator` attribute is deprecated. Please use `'airflow.providers.standard.operators.python.PythonOperator'`.","category":"UserWarning","filename":"/opt/airflow/dags/weather_snapshot_aggregator.py","lineno":7,"logger":"py.warnings"}
{"timestamp":"2026-05-19T15:29:08.347798Z","level":"info","event":"Filling up the DagBag from /opt/airflow/dags/weather_snapshot_aggregator.py","logger":"airflow.dag_processing.dagbag.BundleDagBag","filename":"dagbag.py","lineno":469}
{"timestamp":"2026-05-19T15:29:08.351003Z","level":"warning","event":"The `airflow.operators.python.PythonOperator` attribute is deprecated. Please use `'airflow.providers.standard.operators.python.PythonOperator'`.","category":"UserWarning","filename":"/opt/airflow/dags/weather_snapshot_aggregator.py","lineno":7,"logger":"py.warnings"}
{"timestamp":"2026-05-19T15:29:38.823498Z","level":"info","event":"Filling up the DagBag from /opt/airflow/dags/weather_snapshot_aggregator.py","logger":"airflow.dag_processing.dagbag.BundleDagBag","filename":"dagbag.py","lineno":469}
{"timestamp":"2026-05-19T15:29:38.826872Z","level":"warning","event":"The `airflow.operators.python.PythonOperator` attribute is deprecated. Please use `'airflow.providers.standard.operators.python.PythonOperator'`.","category":"UserWarning","filename":"/opt/airflow/dags/weather_snapshot_aggregator.py","lineno":7,"logger":"py.warnings"}
{"timestamp":"2026-05-19T15:30:09.196507Z","level":"info","event":"Filling up the DagBag from /opt/airflow/dags/weather_snapshot_aggregator.py","logger":"airflow.dag_processing.dagbag.BundleDagBag","filename":"dagbag.py","lineno":469}
{"timestamp":"2026-05-19T15:30:09.199595Z","level":"warning","event":"The `airflow.operators.python.PythonOperator` attribute is deprecated. Please use `'airflow.providers.standard.operators.python.PythonOperator'`.","category":"UserWarning","filename":"/opt/airflow/dags/weather_snapshot_aggregator.py","lineno":7,"logger":"py.warnings"}
{"timestamp":"2026-05-19T15:30:39.906055Z","level":"info","event":"Filling up the DagBag from /opt/airflow/dags/weather_snapshot_aggregator.py","logger":"airflow.dag_processing.dagbag.BundleDagBag","filename":"dagbag.py","lineno":469}
{"timestamp":"2026-05-19T15:30:39.909134Z","level":"warning","event":"The `airflow.operators.python.PythonOperator` attribute is deprecated. Please use `'airflow.providers.standard.operators.python.PythonOperator'`.","category":"UserWarning","filename":"/opt/airflow/dags/weather_snapshot_aggregator.py","lineno":7,"logger":"py.warnings"}
{"timestamp":"2026-05-19T15:31:10.444395Z","level":"info","event":"Filling up the DagBag from /opt/airflow/dags/weather_snapshot_aggregator.py","logger":"airflow.dag_processing.dagbag.BundleDagBag","filename":"dagbag.py","lineno":469}
{"timestamp":"2026-05-19T15:31:10.448187Z","level":"warning","event":"The `airflow.operators.python.PythonOperator` attribute is deprecated. Please use `'airflow.providers.standard.operators.python.PythonOperator'`.","category":"UserWarning","filename":"/opt/airflow/dags/weather_snapshot_aggregator.py","lineno":7,"logger":"py.warnings"}
{"timestamp":"2026-05-19T15:31:40.923984Z","level":"info","event":"Filling up the DagBag from /opt/airflow/dags/weather_snapshot_aggregator.py","logger":"airflow.dag_processing.dagbag.BundleDagBag","filename":"dagbag.py","lineno":469}
{"timestamp":"2026-05-19T15:31:40.927688Z","level":"warning","event":"The `airflow.operators.python.PythonOperator` attribute is deprecated. Please use `'airflow.providers.standard.operators.python.PythonOperator'`.","category":"UserWarning","filename":"/opt/airflow/dags/weather_snapshot_aggregator.py","lineno":7,"logger":"py.warnings"}
{"timestamp":"2026-05-19T15:32:11.585008Z","level":"info","event":"Filling up the DagBag from /opt/airflow/dags/weather_snapshot_aggregator.py","logger":"airflow.dag_processing.dagbag.BundleDagBag","filename":"dagbag.py","lineno":469}
{"timestamp":"2026-05-19T15:32:11.589914Z","level":"warning","event":"The `airflow.operators.python.PythonOperator` attribute is deprecated. Please use `'airflow.providers.standard.operators.python.PythonOperator'`.","category":"UserWarning","filename":"/opt/airflow/dags/weather_snapshot_aggregator.py","lineno":7,"logger":"py.warnings"}
{"timestamp":"2026-05-19T15:32:42.253892Z","level":"info","event":"Filling up the DagBag from /opt/airflow/dags/weather_snapshot_aggregator.py","logger":"airflow.dag_processing.dagbag.BundleDagBag","filename":"dagbag.py","lineno":469}
{"timestamp":"2026-05-19T15:32:42.256892Z","level":"warning","event":"The `airflow.operators.python.PythonOperator` attribute is deprecated. Please use `'airflow.providers.standard.operators.python.PythonOperator'`.","category":"UserWarning","filename":"/opt/airflow/dags/weather_snapshot_aggregator.py","lineno":7,"logger":"py.warnings"}
{"timestamp":"2026-05-19T15:33:12.723119Z","level":"info","event":"Filling up the DagBag from /opt/airflow/dags/weather_snapshot_aggregator.py","logger":"airflow.dag_processing.dagbag.BundleDagBag","filename":"dagbag.py","lineno":469}
{"timestamp":"2026-05-19T15:33:12.726265Z","level":"warning","event":"The `airflow.operators.python.PythonOperator` attribute is deprecated. Please use `'airflow.providers.standard.operators.python.PythonOperator'`.","category":"UserWarning","filename":"/opt/airflow/dags/weather_snapshot_aggregator.py","lineno":7,"logger":"py.warnings"}
{"timestamp":"2026-05-19T15:33:43.370226Z","level":"info","event":"Filling up the DagBag from /opt/airflow/dags/weather_snapshot_aggregator.py","logger":"airflow.dag_processing.dagbag.BundleDagBag","filename":"dagbag.py","lineno":469}
{"timestamp":"2026-05-19T15:33:43.373219Z","level":"warning","event":"The `airflow.operators.python.PythonOperator` attribute is deprecated. Please use `'airflow.providers.standard.operators.python.PythonOperator'`.","category":"UserWarning","filename":"/opt/airflow/dags/weather_snapshot_aggregator.py","lineno":7,"logger":"py.warnings"}
{"timestamp":"2026-05-19T15:34:14.021959Z","level":"info","event":"Filling up the DagBag from /opt/airflow/dags/weather_snapshot_aggregator.py","logger":"airflow.dag_processing.dagbag.BundleDagBag","filename":"dagbag.py","lineno":469}
{"timestamp":"2026-05-19T15:34:14.025268Z","level":"warning","event":"The `airflow.operators.python.PythonOperator` attribute is deprecated. Please use `'airflow.providers.standard.operators.python.PythonOperator'`.","category":"UserWarning","filename":"/opt/airflow/dags/weather_snapshot_aggregator.py","lineno":7,"logger":"py.warnings"}
{"timestamp":"2026-05-19T15:34:44.731260Z","level":"info","event":"Filling up the DagBag from /opt/airflow/dags/weather_snapshot_aggregator.py","logger":"airflow.dag_processing.dagbag.BundleDagBag","filename":"dagbag.py","lineno":469}
{"timestamp":"2026-05-19T15:34:44.734345Z","level":"warning","event":"The `airflow.operators.python.PythonOperator` attribute is deprecated. Please use `'airflow.providers.standard.operators.python.PythonOperator'`.","category":"UserWarning","filename":"/opt/airflow/dags/weather_snapshot_aggregator.py","lineno":7,"logger":"py.warnings"}
{"timestamp":"2026-05-19T15:35:15.212058Z","level":"info","event":"Filling up the DagBag from /opt/airflow/dags/weather_snapshot_aggregator.py","logger":"airflow.dag_processing.dagbag.BundleDagBag","filename":"dagbag.py","lineno":469}
{"timestamp":"2026-05-19T15:35:15.215223Z","level":"warning","event":"The `airflow.operators.python.PythonOperator` attribute is deprecated. Please use `'airflow.providers.standard.operators.python.PythonOperator'`.","category":"UserWarning","filename":"/opt/airflow/dags/weather_snapshot_aggregator.py","lineno":7,"logger":"py.warnings"}
{"timestamp":"2026-05-19T15:35:45.574557Z","level":"info","event":"Filling up the DagBag from /opt/airflow/dags/weather_snapshot_aggregator.py","logger":"airflow.dag_processing.dagbag.BundleDagBag","filename":"dagbag.py","lineno":469}
{"timestamp":"2026-05-19T15:35:45.577685Z","level":"warning","event":"The `airflow.operators.python.PythonOperator` attribute is deprecated. Please use `'airflow.providers.standard.operators.python.PythonOperator'`.","category":"UserWarning","filename":"/opt/airflow/dags/weather_snapshot_aggregator.py","lineno":7,"logger":"py.warnings"}
{"timestamp":"2026-05-19T15:36:15.841569Z","level":"info","event":"Filling up the DagBag from /opt/airflow/dags/weather_snapshot_aggregator.py","logger":"airflow.dag_processing.dagbag.BundleDagBag","filename":"dagbag.py","lineno":469}
{"timestamp":"2026-05-19T15:36:15.847465Z","level":"warning","event":"The `airflow.operators.python.PythonOperator` attribute is deprecated. Please use `'airflow.providers.standard.operators.python.PythonOperator'`.","category":"UserWarning","filename":"/opt/airflow/dags/weather_snapshot_aggregator.py","lineno":7,"logger":"py.warnings"}
{"timestamp":"2026-05-19T15:36:46.094218Z","level":"info","event":"Filling up the DagBag from /opt/airflow/dags/weather_snapshot_aggregator.py","logger":"airflow.dag_processing.dagbag.BundleDagBag","filename":"dagbag.py","lineno":469}
{"timestamp":"2026-05-19T15:36:46.097249Z","level":"warning","event":"The `airflow.operators.python.PythonOperator` attribute is deprecated. Please use `'airflow.providers.standard.operators.python.PythonOperator'`.","category":"UserWarning","filename":"/opt/airflow/dags/weather_snapshot_aggregator.py","lineno":7,"logger":"py.warnings"}
{"timestamp":"2026-05-19T15:37:16.206526Z","level":"info","event":"Filling up the DagBag from /opt/airflow/dags/weather_snapshot_aggregator.py","logger":"airflow.dag_processing.dagbag.BundleDagBag","filename":"dagbag.py","lineno":469}
{"timestamp":"2026-05-19T15:37:16.209768Z","level":"warning","event":"The `airflow.operators.python.PythonOperator` attribute is deprecated. Please use `'airflow.providers.standard.operators.python.PythonOperator'`.","category":"UserWarning","filename":"/opt/airflow/dags/weather_snapshot_aggregator.py","lineno":7,"logger":"py.warnings"}
{"timestamp":"2026-05-19T15:37:46.490687Z","level":"info","event":"Filling up the DagBag from /opt/airflow/dags/weather_snapshot_aggregator.py","logger":"airflow.dag_processing.dagbag.BundleDagBag","filename":"dagbag.py","lineno":469}
{"timestamp":"2026-05-19T15:37:46.493961Z","level":"warning","event":"The `airflow.operators.python.PythonOperator` attribute is deprecated. Please use `'airflow.providers.standard.operators.python.PythonOperator'`.","category":"UserWarning","filename":"/opt/airflow/dags/weather_snapshot_aggregator.py","lineno":7,"logger":"py.warnings"}
{"timestamp":"2026-05-19T15:38:16.794145Z","level":"info","event":"Filling up the DagBag from /opt/airflow/dags/weather_snapshot_aggregator.py","logger":"airflow.dag_processing.dagbag.BundleDagBag","filename":"dagbag.py","lineno":469}
{"timestamp":"2026-05-19T15:38:16.797538Z","level":"warning","event":"The `airflow.operators.python.PythonOperator` attribute is deprecated. Please use `'airflow.providers.standard.operators.python.PythonOperator'`.","category":"UserWarning","filename":"/opt/airflow/dags/weather_snapshot_aggregator.py","lineno":7,"logger":"py.warnings"}
{"timestamp":"2026-05-19T15:38:47.191053Z","level":"info","event":"Filling up the DagBag from /opt/airflow/dags/weather_snapshot_aggregator.py","logger":"airflow.dag_processing.dagbag.BundleDagBag","filename":"dagbag.py","lineno":469}
{"timestamp":"2026-05-19T15:38:47.194802Z","level":"warning","event":"The `airflow.operators.python.PythonOperator` attribute is deprecated. Please use `'airflow.providers.standard.operators.python.PythonOperator'`.","category":"UserWarning","filename":"/opt/airflow/dags/weather_snapshot_aggregator.py","lineno":7,"logger":"py.warnings"}
{"timestamp":"2026-05-19T15:39:17.395734Z","level":"info","event":"Filling up the DagBag from /opt/airflow/dags/weather_snapshot_aggregator.py","logger":"airflow.dag_processing.dagbag.BundleDagBag","filename":"dagbag.py","lineno":469}
{"timestamp":"2026-05-19T15:39:17.398830Z","level":"warning","event":"The `airflow.operators.python.PythonOperator` attribute is deprecated. Please use `'airflow.providers.standard.operators.python.PythonOperator'`.","category":"UserWarning","filename":"/opt/airflow/dags/weather_snapshot_aggregator.py","lineno":7,"logger":"py.warnings"}
{"timestamp":"2026-05-19T15:39:48.045364Z","level":"info","event":"Filling up the DagBag from /opt/airflow/dags/weather_snapshot_aggregator.py","logger":"airflow.dag_processing.dagbag.BundleDagBag","filename":"dagbag.py","lineno":469}
{"timestamp":"2026-05-19T15:39:48.049863Z","level":"warning","event":"The `airflow.operators.python.PythonOperator` attribute is deprecated. Please use `'airflow.providers.standard.operators.python.PythonOperator'`.","category":"UserWarning","filename":"/opt/airflow/dags/weather_snapshot_aggregator.py","lineno":7,"logger":"py.warnings"}
{"timestamp":"2026-05-19T15:40:18.496610Z","level":"info","event":"Filling up the DagBag from /opt/airflow/dags/weather_snapshot_aggregator.py","logger":"airflow.dag_processing.dagbag.BundleDagBag","filename":"dagbag.py","lineno":469}
{"timestamp":"2026-05-19T15:40:18.502282Z","level":"warning","event":"The `airflow.operators.python.PythonOperator` attribute is deprecated. Please use `'airflow.providers.standard.operators.python.PythonOperator'`.","category":"UserWarning","filename":"/opt/airflow/dags/weather_snapshot_aggregator.py","lineno":7,"logger":"py.warnings"}
{"timestamp":"2026-05-19T15:40:49.064526Z","level":"info","event":"Filling up the DagBag from /opt/airflow/dags/weather_snapshot_aggregator.py","logger":"airflow.dag_processing.dagbag.BundleDagBag","filename":"dagbag.py","lineno":469}
{"timestamp":"2026-05-19T15:40:49.067790Z","level":"warning","event":"The `airflow.operators.python.PythonOperator` attribute is deprecated. Please use `'airflow.providers.standard.operators.python.PythonOperator'`.","category":"UserWarning","filename":"/opt/airflow/dags/weather_snapshot_aggregator.py","lineno":7,"logger":"py.warnings"}
{"timestamp":"2026-05-19T15:41:19.538442Z","level":"info","event":"Filling up the DagBag from /opt/airflow/dags/weather_snapshot_aggregator.py","logger":"airflow.dag_processing.dagbag.BundleDagBag","filename":"dagbag.py","lineno":469}
{"timestamp":"2026-05-19T15:41:19.541936Z","level":"warning","event":"The `airflow.operators.python.PythonOperator` attribute is deprecated. Please use `'airflow.providers.standard.operators.python.PythonOperator'`.","category":"UserWarning","filename":"/opt/airflow/dags/weather_snapshot_aggregator.py","lineno":7,"logger":"py.warnings"}
{"timestamp":"2026-05-19T15:41:50.083863Z","level":"info","event":"Filling up the DagBag from /opt/airflow/dags/weather_snapshot_aggregator.py","logger":"airflow.dag_processing.dagbag.BundleDagBag","filename":"dagbag.py","lineno":469}
{"timestamp":"2026-05-19T15:41:50.087139Z","level":"warning","event":"The `airflow.operators.python.PythonOperator` attribute is deprecated. Please use `'airflow.providers.standard.operators.python.PythonOperator'`.","category":"UserWarning","filename":"/opt/airflow/dags/weather_snapshot_aggregator.py","lineno":7,"logger":"py.warnings"}
{"timestamp":"2026-05-19T15:42:20.900079Z","level":"info","event":"Filling up the DagBag from /opt/airflow/dags/weather_snapshot_aggregator.py","logger":"airflow.dag_processing.dagbag.BundleDagBag","filename":"dagbag.py","lineno":469}
{"timestamp":"2026-05-19T15:42:20.903321Z","level":"warning","event":"The `airflow.operators.python.PythonOperator` attribute is deprecated. Please use `'airflow.providers.standard.operators.python.PythonOperator'`.","category":"UserWarning","filename":"/opt/airflow/dags/weather_snapshot_aggregator.py","lineno":7,"logger":"py.warnings"}
{"timestamp":"2026-05-19T15:42:51.652362Z","level":"info","event":"Filling up the DagBag from /opt/airflow/dags/weather_snapshot_aggregator.py","logger":"airflow.dag_processing.dagbag.BundleDagBag","filename":"dagbag.py","lineno":469}
{"timestamp":"2026-05-19T15:42:51.657440Z","level":"warning","event":"The `airflow.operators.python.PythonOperator` attribute is deprecated. Please use `'airflow.providers.standard.operators.python.PythonOperator'`.","category":"UserWarning","filename":"/opt/airflow/dags/weather_snapshot_aggregator.py","lineno":7,"logger":"py.warnings"}
{"timestamp":"2026-05-19T15:43:22.184531Z","level":"info","event":"Filling up the DagBag from /opt/airflow/dags/weather_snapshot_aggregator.py","logger":"airflow.dag_processing.dagbag.BundleDagBag","filename":"dagbag.py","lineno":469}
{"timestamp":"2026-05-19T15:43:22.187869Z","level":"warning","event":"The `airflow.operators.python.PythonOperator` attribute is deprecated. Please use `'airflow.providers.standard.operators.python.PythonOperator'`.","category":"UserWarning","filename":"/opt/airflow/dags/weather_snapshot_aggregator.py","lineno":7,"logger":"py.warnings"}
{"timestamp":"2026-05-19T15:43:52.714781Z","level":"info","event":"Filling up the DagBag from /opt/airflow/dags/weather_snapshot_aggregator.py","logger":"airflow.dag_processing.dagbag.BundleDagBag","filename":"dagbag.py","lineno":469}
{"timestamp":"2026-05-19T15:43:52.718005Z","level":"warning","event":"The `airflow.operators.python.PythonOperator` attribute is deprecated. Please use `'airflow.providers.standard.operators.python.PythonOperator'`.","category":"UserWarning","filename":"/opt/airflow/dags/weather_snapshot_aggregator.py","lineno":7,"logger":"py.warnings"}
{"timestamp":"2026-05-19T15:44:23.430759Z","level":"info","event":"Filling up the DagBag from /opt/airflow/dags/weather_snapshot_aggregator.py","logger":"airflow.dag_processing.dagbag.BundleDagBag","filename":"dagbag.py","lineno":469}
{"timestamp":"2026-05-19T15:44:23.434059Z","level":"warning","event":"The `airflow.operators.python.PythonOperator` attribute is deprecated. Please use `'airflow.providers.standard.operators.python.PythonOperator'`.","category":"UserWarning","filename":"/opt/airflow/dags/weather_snapshot_aggregator.py","lineno":7,"logger":"py.warnings"}
{"timestamp":"2026-05-19T15:44:54.300217Z","level":"info","event":"Filling up the DagBag from /opt/airflow/dags/weather_snapshot_aggregator.py","logger":"airflow.dag_processing.dagbag.BundleDagBag","filename":"dagbag.py","lineno":469}
{"timestamp":"2026-05-19T15:44:54.305568Z","level":"warning","event":"The `airflow.operators.python.PythonOperator` attribute is deprecated. Please use `'airflow.providers.standard.operators.python.PythonOperator'`.","category":"UserWarning","filename":"/opt/airflow/dags/weather_snapshot_aggregator.py","lineno":7,"logger":"py.warnings"}
{"timestamp":"2026-05-19T15:45:24.576502Z","level":"info","event":"Filling up the DagBag from /opt/airflow/dags/weather_snapshot_aggregator.py","logger":"airflow.dag_processing.dagbag.BundleDagBag","filename":"dagbag.py","lineno":469}
{"timestamp":"2026-05-19T15:45:24.581528Z","level":"warning","event":"The `airflow.operators.python.PythonOperator` attribute is deprecated. Please use `'airflow.providers.standard.operators.python.PythonOperator'`.","category":"UserWarning","filename":"/opt/airflow/dags/weather_snapshot_aggregator.py","lineno":7,"logger":"py.warnings"}
{"timestamp":"2026-05-19T15:45:54.733532Z","level":"info","event":"Filling up the DagBag from /opt/airflow/dags/weather_snapshot_aggregator.py","logger":"airflow.dag_processing.dagbag.BundleDagBag","filename":"dagbag.py","lineno":469}
{"timestamp":"2026-05-19T15:45:54.736676Z","level":"warning","event":"The `airflow.operators.python.PythonOperator` attribute is deprecated. Please use `'airflow.providers.standard.operators.python.PythonOperator'`.","category":"UserWarning","filename":"/opt/airflow/dags/weather_snapshot_aggregator.py","lineno":7,"logger":"py.warnings"}
{"timestamp":"2026-05-19T15:46:24.885405Z","level":"info","event":"Filling up the DagBag from /opt/airflow/dags/weather_snapshot_aggregator.py","logger":"airflow.dag_processing.dagbag.BundleDagBag","filename":"dagbag.py","lineno":469}
{"timestamp":"2026-05-19T15:46:24.888721Z","level":"warning","event":"The `airflow.operators.python.PythonOperator` attribute is deprecated. Please use `'airflow.providers.standard.operators.python.PythonOperator'`.","category":"UserWarning","filename":"/opt/airflow/dags/weather_snapshot_aggregator.py","lineno":7,"logger":"py.warnings"}
